#
# A fatal error has been detected by the Java Runtime Environment:
#
#  EXCEPTION_ACCESS_VIOLATION (0xc0000005) at pc=0x00007ff8b3474f3f, pid=2000, tid=4516
#
# JRE version: Java(TM) SE Runtime Environment (12.0.2+10) (build 12.0.2+10)
# Java VM: Java HotSpot(TM) 64-Bit Server VM (12.0.2+10, mixed mode, sharing, tiered, compressed oops, g1 gc, windows-amd64)
# Problematic frame:
# C  [freetype.dll+0x44f3f]
#
# No core dump will be written. Minidumps are not enabled by default on client versions of Windows
#
# If you would like to submit a bug report, please visit:
#   http://bugreport.java.com/bugreport/crash.jsp
# The crash happened outside the Java Virtual Machine in native code.
# See problematic frame for where to report the bug.
#

---------------  S U M M A R Y ------------

Command Line: -Dfile.encoding=Cp1252 dev.java2dgame.main.Launcher

Host: Intel(R) Core(TM) i5-7300U CPU @ 2.60GHz, 4 cores, 7G,  Windows 10 , 64 bit Build 17763 (10.0.17763.475)
Time: Sat Nov 16 22:18:50 2019 Eastern Standard Time elapsed time: 8 seconds (0d 0h 0m 8s)

---------------  T H R E A D  ---------------

Current thread (0x000001edcb136000):  JavaThread "Thread-0" [_thread_in_native, id=4516, stack(0x000000e89d900000,0x000000e89da00000)]

Stack: [0x000000e89d900000,0x000000e89da00000],  sp=0x000000e89d9fdde0,  free space=1015k
Native frames: (J=compiled Java code, j=interpreted, Vv=VM code, C=native code)
C  [freetype.dll+0x44f3f]

Java frames: (J=compiled Java code, j=interpreted, Vv=VM code)
j  sun.font.FreetypeFontScaler.getGlyphOutlineNative(Lsun/font/Font2D;JJIFF)Ljava/awt/geom/GeneralPath;+0 java.desktop@12.0.2
j  sun.font.FreetypeFontScaler.getGlyphOutline(JIFF)Ljava/awt/geom/GeneralPath;+30 java.desktop@12.0.2
j  sun.font.FileFont.getGlyphOutline(JIFF)Ljava/awt/geom/GeneralPath;+10 java.desktop@12.0.2
J 1670 c2 sun.font.StandardGlyphVector$GlyphStrike.appendGlyphOutline(ILjava/awt/geom/GeneralPath;FF)V java.desktop@12.0.2 (102 bytes) @ 0x000001edbc1bf48c [0x000001edbc1bf140+0x000000000000034c]
J 1466 c1 sun.font.StandardGlyphVector.getGlyphsOutline(IIFF)Ljava/awt/Shape; java.desktop@12.0.2 (97 bytes) @ 0x000001edb4e66024 [0x000001edb4e659a0+0x0000000000000684]
J 1604 c1 sun.font.ExtendedTextSourceLabel.getOutline(FF)Ljava/awt/Shape; java.desktop@12.0.2 (11 bytes) @ 0x000001edb4eb85e4 [0x000001edb4eb8380+0x0000000000000264]
J 1498 c1 java.awt.font.TextLine.getOutline(Ljava/awt/geom/AffineTransform;)Ljava/awt/Shape; java.desktop@12.0.2 (83 bytes) @ 0x000001edb4e7604c [0x000001edb4e75b00+0x000000000000054c]
J 1456 c1 sun.java2d.pipe.OutlineTextRenderer.drawString(Lsun/java2d/SunGraphics2D;Ljava/lang/String;DD)V java.desktop@12.0.2 (137 bytes) @ 0x000001edb4e5eb14 [0x000001edb4e5e5e0+0x0000000000000534]
J 1358 c1 sun.java2d.pipe.GlyphListPipe.drawString(Lsun/java2d/SunGraphics2D;Ljava/lang/String;DD)V java.desktop@12.0.2 (202 bytes) @ 0x000001edb4e2d794 [0x000001edb4e2ca00+0x0000000000000d94]
J 1357 c1 sun.java2d.SunGraphics2D.drawString(Ljava/lang/String;II)V java.desktop@12.0.2 (132 bytes) @ 0x000001edb4e2b484 [0x000001edb4e2afc0+0x00000000000004c4]
J 1661 c1 dev.java2dgame.collectibles.CollectibleMenu.render(Ljava/awt/Graphics;)V (685 bytes) @ 0x000001edb4edc8b4 [0x000001edb4edb860+0x0000000000001054]
j  dev.java2dgame.entities.creatures.Player.afterRender(Ljava/awt/Graphics;)V+5
j  dev.java2dgame.entities.EntityManager.render(Ljava/awt/Graphics;)V+121
J 1649 c1 dev.java2dgame.worlds.World.render(Ljava/awt/Graphics;)V (205 bytes) @ 0x000001edb4ed2254 [0x000001edb4ed1800+0x0000000000000a54]
j  dev.java2dgame.states.GameState.render(Ljava/awt/Graphics;)V+8
j  dev.java2dgame.main.Game.render()V+74
J 897% c1 dev.java2dgame.main.Game.run()V (136 bytes) @ 0x000001edb4d4c16c [0x000001edb4d4bc80+0x00000000000004ec]
j  java.lang.Thread.run()V+11 java.base@12.0.2
v  ~StubRoutines::call_stub

siginfo: EXCEPTION_ACCESS_VIOLATION (0xc0000005), reading address 0x00000000000000e0


Register to memory mapping:

RIP=0x00007ff8b3474f3f freetype.dll
RAX=0x000000e89d9fde10 is pointing into the stack for thread: 0x000001edcb136000
RBX=0x000000e89d9fe020 is pointing into the stack for thread: 0x000001edcb136000
RCX=0x000001edccbcea00 points into unknown readable memory: d0 41 37 cb ed 01 00 00
RDX=0x0 is NULL
RSP=0x000000e89d9fdde0 is pointing into the stack for thread: 0x000001edcb136000
RBP=0x000001edccbd6a20 points into unknown readable memory: 20 7c bb cc ed 01 00 00
RSI=0x0000000000000026 is an unknown value
RDI=0x000001edccbcea00 points into unknown readable memory: d0 41 37 cb ed 01 00 00
R8 =0x0000000000000026 is an unknown value
R9 =0x000000e89d9fde68 is pointing into the stack for thread: 0x000001edcb136000
R10=0x0 is NULL
R11=0x000001edccbb7c20 points into unknown readable memory: 90 b9 c3 cc ed 01 00 00
R12=0x0000000000000026 is an unknown value
R13=0x0 is NULL
R14=0x0000000000000f94 is an unknown value
R15=0x000001edac316360 points into unknown readable memory: 20 ac c6 cc ed 01 00 00


Registers:
RAX=0x000000e89d9fde10, RBX=0x000000e89d9fe020, RCX=0x000001edccbcea00, RDX=0x0000000000000000
RSP=0x000000e89d9fdde0, RBP=0x000001edccbd6a20, RSI=0x0000000000000026, RDI=0x000001edccbcea00
R8 =0x0000000000000026, R9 =0x000000e89d9fde68, R10=0x0000000000000000, R11=0x000001edccbb7c20
R12=0x0000000000000026, R13=0x0000000000000000, R14=0x0000000000000f94, R15=0x000001edac316360
RIP=0x00007ff8b3474f3f, EFLAGS=0x0000000000010246

Top of Stack: (sp=0x000000e89d9fdde0)
0x000000e89d9fdde0:   000001edccbd6a20 000001edccc6ac20
0x000000e89d9fddf0:   0000000000000000 000000000000002c
0x000000e89d9fde00:   000000e89d9fde10 000000000000002c
0x000000e89d9fde10:   000001edccbd0000 00007ff8b3472a92
0x000000e89d9fde20:   000001edccbcea00 0000000000000000
0x000000e89d9fde30:   000000000000089c 000000e89d9fdf50
0x000000e89d9fde40:   000000e89d9fe020 00007ff8b3474622
0x000000e89d9fde50:   000000e89d9f0000 000000000000089c
0x000000e89d9fde60:   0000000042600000 000000e89d9f0000
0x000000e89d9fde70:   000001edccba3980 00007ff86aae1667
0x000000e89d9fde80:   0000000100000000 00038000891aefa8
0x000000e89d9fde90:   0000000000038000 000000e842600000
0x000000e89d9fdea0:   0000002753c12409 0000000084477e60
0x000000e89d9fdeb0:   0000000000000000 00000000000000d5
0x000000e89d9fdec0:   000000e89d9fef00 000001edb4e6a56c
0x000000e89d9fded0:   0000000000000000 0000000000000000 

Instructions: (pc=0x00007ff8b3474f3f)
0x00007ff8b3474e3f:   8b 8b 18 01 00 00 8b d6 89 83 14 01 00 00 e8 6e
0x00007ff8b3474e4f:   0b fd ff 8b 54 24 3c 8b 8b 1c 01 00 00 89 83 18
0x00007ff8b3474e5f:   01 00 00 e8 59 0b fd ff 89 83 1c 01 00 00 8b cf
0x00007ff8b3474e6f:   89 4c 24 30 40 38 7c 24 34 74 0e 48 8b cb 41 ff
0x00007ff8b3474e7f:   96 b0 02 00 00 8b 4c 24 30 80 7c 24 35 00 74 1f
0x00007ff8b3474e8f:   49 8b 86 d0 00 00 00 48 8d 55 80 48 8b 48 50 48
0x00007ff8b3474e9f:   8b 01 48 8b 49 08 ff 50 08 8b 44 24 30 eb 02 8b
0x00007ff8b3474eaf:   c1 48 8b b4 24 98 01 00 00 48 8b 4d 38 48 33 cc
0x00007ff8b3474ebf:   e8 bc ef 00 00 48 81 c4 40 01 00 00 41 5f 41 5e
0x00007ff8b3474ecf:   41 5d 41 5c 5f 5b 5d c3 cc cc cc cc cc cc cc cc
0x00007ff8b3474edf:   cc 40 53 55 56 57 41 56 48 83 ec 40 48 8b 69 28
0x00007ff8b3474eef:   33 c0 48 8b 39 48 8b d9 48 8b cd 66 89 84 24 88
0x00007ff8b3474eff:   00 00 00 8b f2 66 89 44 24 70 66 89 44 24 30 66
0x00007ff8b3474f0f:   89 84 24 80 00 00 00 e8 85 e5 fd ff 4c 8b 97 d0
0x00007ff8b3474f1f:   02 00 00 4c 8d 8c 24 88 00 00 00 44 8b f0 44 8b
0x00007ff8b3474f2f:   c6 48 8d 44 24 30 33 d2 48 8b cf 48 89 44 24 20
0x00007ff8b3474f3f:   41 ff 92 e0 00 00 00 80 bf 90 01 00 00 00 8b 4b
0x00007ff8b3474f4f:   44 74 2d 4c 8b 97 d0 02 00 00 48 8d 84 24 80 00
0x00007ff8b3474f5f:   00 00 4c 8d 4c 24 70 48 89 44 24 20 44 8b c6 b2
0x00007ff8b3474f6f:   01 48 8b cf 41 ff 92 e0 00 00 00 e9 8e 00 00 00
0x00007ff8b3474f7f:   b8 ff ff 00 00 66 39 87 08 02 00 00 74 40 0f b7
0x00007ff8b3474f8f:   87 4e 02 00 00 66 2b c1 66 89 44 24 70 0f bf 8f
0x00007ff8b3474f9f:   4e 02 00 00 44 0f bf 87 50 02 00 00 8b d1 41 2b
0x00007ff8b3474faf:   d0 0f b7 c1 66 41 2b c0 66 44 2b c1 85 d2 66 44
0x00007ff8b3474fbf:   0f 49 c0 66 44 89 84 24 80 00 00 00 eb 40 0f b7
0x00007ff8b3474fcf:   87 3c 01 00 00 66 2b c1 66 89 44 24 70 0f bf 97
0x00007ff8b3474fdf:   3c 01 00 00 44 0f bf 8f 3e 01 00 00 44 8b c2 45
0x00007ff8b3474fef:   2b c1 0f b7 c2 66 41 2b c1 66 44 2b ca 45 85 c0
0x00007ff8b3474fff:   66 44 0f 49 c8 66 44 89 8c 24 80 00 00 00 41 8b
0x00007ff8b347500f:   d6 48 8b cd e8 d8 ea fd ff 85 c0 75 3b 80 7b 54
0x00007ff8b347501f:   00 0f bf 84 24 88 00 00 00 0f b7 4c 24 30 89 43
0x00007ff8b347502f:   48 0f bf 44 24 70 89 83 08 01 00 00 0f b7 84 24 


Stack slot to memory mapping:
stack at sp + 0 slots: 0x000001edccbd6a20 points into unknown readable memory: 20 7c bb cc ed 01 00 00
stack at sp + 1 slots: 0x000001edccc6ac20 points into unknown readable memory: 00 00 00 00 00 00 00 00
stack at sp + 2 slots: 0x0 is NULL
stack at sp + 3 slots: 0x000000000000002c is an unknown value
stack at sp + 4 slots: 0x000000e89d9fde10 is pointing into the stack for thread: 0x000001edcb136000
stack at sp + 5 slots: 0x000000000000002c is an unknown value
stack at sp + 6 slots: 0x000001edccbd0000 points into unknown readable memory: 00 00 00 00 00 00 00 80
stack at sp + 7 slots: 0x00007ff8b3472a92 freetype.dll


---------------  P R O C E S S  ---------------

Threads class SMR info:
_java_thread_list=0x000001edce254680, length=14, elements={
0x000001edca691000, 0x000001edca693000, 0x000001edca6ae800, 0x000001edca6b0800,
0x000001edca6b1800, 0x000001edcb023800, 0x000001edcb03b000, 0x000001edcb11a000,
0x000001edcb125800, 0x000001edcb136000, 0x000001edac247000, 0x000001edcb32a000,
0x000001edcb36d800, 0x000001edcb3ed800
}

Java Threads: ( => current thread )
  0x000001edca691000 JavaThread "Reference Handler" daemon [_thread_blocked, id=9860, stack(0x000000e89cf00000,0x000000e89d000000)]
  0x000001edca693000 JavaThread "Finalizer" daemon [_thread_blocked, id=3836, stack(0x000000e89d000000,0x000000e89d100000)]
  0x000001edca6ae800 JavaThread "Signal Dispatcher" daemon [_thread_blocked, id=8736, stack(0x000000e89d100000,0x000000e89d200000)]
  0x000001edca6b0800 JavaThread "Attach Listener" daemon [_thread_blocked, id=12604, stack(0x000000e89d200000,0x000000e89d300000)]
  0x000001edca6b1800 JavaThread "C2 CompilerThread0" daemon [_thread_in_native, id=15660, stack(0x000000e89d300000,0x000000e89d400000)]
  0x000001edcb023800 JavaThread "C1 CompilerThread0" daemon [_thread_blocked, id=12940, stack(0x000000e89d400000,0x000000e89d500000)]
  0x000001edcb03b000 JavaThread "Sweeper thread" daemon [_thread_blocked, id=7320, stack(0x000000e89d500000,0x000000e89d600000)]
  0x000001edcb11a000 JavaThread "Service Thread" daemon [_thread_blocked, id=5388, stack(0x000000e89d600000,0x000000e89d700000)]
  0x000001edcb125800 JavaThread "Common-Cleaner" daemon [_thread_blocked, id=14148, stack(0x000000e89d800000,0x000000e89d900000)]
=>0x000001edcb136000 JavaThread "Thread-0" [_thread_in_native, id=4516, stack(0x000000e89d900000,0x000000e89da00000)]
  0x000001edac247000 JavaThread "DestroyJavaVM" [_thread_blocked, id=3488, stack(0x000000e89c800000,0x000000e89c900000)]
  0x000001edcb32a000 JavaThread "Java2D Disposer" daemon [_thread_blocked, id=3944, stack(0x000000e89da00000,0x000000e89db00000)]
  0x000001edcb36d800 JavaThread "AWT-Shutdown" [_thread_blocked, id=15996, stack(0x000000e89db00000,0x000000e89dc00000)]
  0x000001edcb3ed800 JavaThread "AWT-EventQueue-0" [_thread_blocked, id=13732, stack(0x000000e89dd00000,0x000000e89de00000)]

Other Threads:
  0x000001edca68d000 VMThread "VM Thread" [stack: 0x000000e89ce00000,0x000000e89cf00000] [id=15984]
  0x000001edcb120000 WatcherThread [stack: 0x000000e89d700000,0x000000e89d800000] [id=15780]
  0x000001edac285800 GCTaskThread "GC Thread#0" [stack: 0x000000e89c900000,0x000000e89ca00000] [id=8232]
  0x000001edce0f2000 GCTaskThread "GC Thread#1" [stack: 0x000000e89de00000,0x000000e89df00000] [id=1816]
  0x000001edccef9000 GCTaskThread "GC Thread#2" [stack: 0x000000e89df00000,0x000000e89e000000] [id=2592]
  0x000001edccf52000 GCTaskThread "GC Thread#3" [stack: 0x000000e89e000000,0x000000e89e100000] [id=1348]
  0x000001edac293800 ConcurrentGCThread "G1 Main Marker" [stack: 0x000000e89ca00000,0x000000e89cb00000] [id=15528]
  0x000001edac294800 ConcurrentGCThread "G1 Conc#0" [stack: 0x000000e89cb00000,0x000000e89cc00000] [id=8876]
  0x000001edca510800 ConcurrentGCThread "G1 Refine#0" [stack: 0x000000e89cc00000,0x000000e89cd00000] [id=4596]
  0x000001edca511800 ConcurrentGCThread "G1 Young RemSet Sampling" [stack: 0x000000e89cd00000,0x000000e89ce00000] [id=1624]

Threads with active compile tasks:
C2 CompilerThread0  1765       4       jdk.internal.org.objectweb.asm.Frame::execute (2305 bytes)

VM state:not at safepoint (normal execution)

VM Mutex/Monitor currently owned by a thread: None

Heap address: 0x0000000081200000, size: 2030 MB, Compressed Oops mode: 32-bit
Narrow klass base: 0x0000000800000000, Narrow klass shift: 3
Compressed class space size: 1073741824 Address: 0x0000000801190000

Heap:
 garbage-first heap   total 131072K, used 53121K [0x0000000081200000, 0x0000000100000000)
  region size 1024K, 2 young (2048K), 1 survivors (1024K)
 Metaspace       used 9011K, capacity 9348K, committed 9600K, reserved 1058816K
  class space    used 946K, capacity 1110K, committed 1152K, reserved 1048576K
Heap Regions: E=young(eden), S=young(survivor), O=old, HS=humongous(starts), HC=humongous(continues), CS=collection set, F=free, A=archive, TAMS=top-at-mark-start (previous, next)
|   0|0x0000000081200000, 0x0000000081300000, 0x0000000081300000|100%|HS|  |TAMS 0x0000000081200000, 0x0000000081200000| Complete 
|   1|0x0000000081300000, 0x0000000081400000, 0x0000000081400000|100%|HC|  |TAMS 0x0000000081300000, 0x0000000081300000| Complete 
|   2|0x0000000081400000, 0x0000000081500000, 0x0000000081500000|100%|HC|  |TAMS 0x0000000081400000, 0x0000000081400000| Complete 
|   3|0x0000000081500000, 0x0000000081600000, 0x0000000081600000|100%|HC|  |TAMS 0x0000000081500000, 0x0000000081500000| Complete 
|   4|0x0000000081600000, 0x0000000081700000, 0x0000000081700000|100%|HC|  |TAMS 0x0000000081600000, 0x0000000081600000| Complete 
|   5|0x0000000081700000, 0x0000000081800000, 0x0000000081800000|100%|HC|  |TAMS 0x0000000081700000, 0x0000000081700000| Complete 
|   6|0x0000000081800000, 0x0000000081900000, 0x0000000081900000|100%|HC|  |TAMS 0x0000000081800000, 0x0000000081800000| Complete 
|   7|0x0000000081900000, 0x0000000081a00000, 0x0000000081a00000|100%|HC|  |TAMS 0x0000000081900000, 0x0000000081900000| Complete 
|   8|0x0000000081a00000, 0x0000000081b00000, 0x0000000081b00000|100%|HC|  |TAMS 0x0000000081a00000, 0x0000000081a00000| Complete 
|   9|0x0000000081b00000, 0x0000000081c00000, 0x0000000081c00000|100%|HC|  |TAMS 0x0000000081b00000, 0x0000000081b00000| Complete 
|  10|0x0000000081c00000, 0x0000000081d00000, 0x0000000081d00000|100%|HC|  |TAMS 0x0000000081c00000, 0x0000000081c00000| Complete 
|  11|0x0000000081d00000, 0x0000000081e00000, 0x0000000081e00000|100%|HC|  |TAMS 0x0000000081d00000, 0x0000000081d00000| Complete 
|  12|0x0000000081e00000, 0x0000000081f00000, 0x0000000081f00000|100%|HC|  |TAMS 0x0000000081e00000, 0x0000000081e00000| Complete 
|  13|0x0000000081f00000, 0x0000000082000000, 0x0000000082000000|100%|HC|  |TAMS 0x0000000081f00000, 0x0000000081f00000| Complete 
|  14|0x0000000082000000, 0x0000000082100000, 0x0000000082100000|100%|HC|  |TAMS 0x0000000082000000, 0x0000000082000000| Complete 
|  15|0x0000000082100000, 0x0000000082200000, 0x0000000082200000|100%|HC|  |TAMS 0x0000000082100000, 0x0000000082100000| Complete 
|  16|0x0000000082200000, 0x0000000082300000, 0x0000000082300000|100%|HS|  |TAMS 0x0000000082200000, 0x0000000082200000| Complete 
|  17|0x0000000082300000, 0x0000000082400000, 0x0000000082400000|100%|HC|  |TAMS 0x0000000082300000, 0x0000000082300000| Complete 
|  18|0x0000000082400000, 0x0000000082500000, 0x0000000082500000|100%|HC|  |TAMS 0x0000000082400000, 0x0000000082400000| Complete 
|  19|0x0000000082500000, 0x0000000082600000, 0x0000000082600000|100%|HC|  |TAMS 0x0000000082500000, 0x0000000082500000| Complete 
|  20|0x0000000082600000, 0x0000000082700000, 0x0000000082700000|100%|HC|  |TAMS 0x0000000082600000, 0x0000000082600000| Complete 
|  21|0x0000000082700000, 0x0000000082800000, 0x0000000082800000|100%|HC|  |TAMS 0x0000000082700000, 0x0000000082700000| Complete 
|  22|0x0000000082800000, 0x0000000082900000, 0x0000000082900000|100%|HC|  |TAMS 0x0000000082800000, 0x0000000082800000| Complete 
|  23|0x0000000082900000, 0x0000000082a00000, 0x0000000082a00000|100%|HC|  |TAMS 0x0000000082900000, 0x0000000082900000| Complete 
|  24|0x0000000082a00000, 0x0000000082b00000, 0x0000000082b00000|100%|HC|  |TAMS 0x0000000082a00000, 0x0000000082a00000| Complete 
|  25|0x0000000082b00000, 0x0000000082c00000, 0x0000000082c00000|100%|HC|  |TAMS 0x0000000082b00000, 0x0000000082b00000| Complete 
|  26|0x0000000082c00000, 0x0000000082d00000, 0x0000000082d00000|100%|HC|  |TAMS 0x0000000082c00000, 0x0000000082c00000| Complete 
|  27|0x0000000082d00000, 0x0000000082e00000, 0x0000000082e00000|100%|HC|  |TAMS 0x0000000082d00000, 0x0000000082d00000| Complete 
|  28|0x0000000082e00000, 0x0000000082f00000, 0x0000000082f00000|100%|HC|  |TAMS 0x0000000082e00000, 0x0000000082e00000| Complete 
|  29|0x0000000082f00000, 0x0000000083000000, 0x0000000083000000|100%|HC|  |TAMS 0x0000000082f00000, 0x0000000082f00000| Complete 
|  30|0x0000000083000000, 0x0000000083100000, 0x0000000083100000|100%|HC|  |TAMS 0x0000000083000000, 0x0000000083000000| Complete 
|  31|0x0000000083100000, 0x0000000083200000, 0x0000000083200000|100%|HC|  |TAMS 0x0000000083100000, 0x0000000083100000| Complete 
|  32|0x0000000083200000, 0x0000000083300000, 0x0000000083300000|100%|HS|  |TAMS 0x0000000083200000, 0x0000000083200000| Complete 
|  33|0x0000000083300000, 0x0000000083400000, 0x0000000083400000|100%|HC|  |TAMS 0x0000000083300000, 0x0000000083300000| Complete 
|  34|0x0000000083400000, 0x0000000083500000, 0x0000000083500000|100%|HC|  |TAMS 0x0000000083400000, 0x0000000083400000| Complete 
|  35|0x0000000083500000, 0x0000000083600000, 0x0000000083600000|100%|HC|  |TAMS 0x0000000083500000, 0x0000000083500000| Complete 
|  36|0x0000000083600000, 0x0000000083700000, 0x0000000083700000|100%|HC|  |TAMS 0x0000000083600000, 0x0000000083600000| Complete 
|  37|0x0000000083700000, 0x0000000083800000, 0x0000000083800000|100%|HC|  |TAMS 0x0000000083700000, 0x0000000083700000| Complete 
|  38|0x0000000083800000, 0x0000000083900000, 0x0000000083900000|100%|HC|  |TAMS 0x0000000083800000, 0x0000000083800000| Complete 
|  39|0x0000000083900000, 0x0000000083a00000, 0x0000000083a00000|100%|HC|  |TAMS 0x0000000083900000, 0x0000000083900000| Complete 
|  40|0x0000000083a00000, 0x0000000083b00000, 0x0000000083b00000|100%|HC|  |TAMS 0x0000000083a00000, 0x0000000083a00000| Complete 
|  41|0x0000000083b00000, 0x0000000083c00000, 0x0000000083c00000|100%|HC|  |TAMS 0x0000000083b00000, 0x0000000083b00000| Complete 
|  42|0x0000000083c00000, 0x0000000083d00000, 0x0000000083d00000|100%|HC|  |TAMS 0x0000000083c00000, 0x0000000083c00000| Complete 
|  43|0x0000000083d00000, 0x0000000083e00000, 0x0000000083e00000|100%|HC|  |TAMS 0x0000000083d00000, 0x0000000083d00000| Complete 
|  44|0x0000000083e00000, 0x0000000083f00000, 0x0000000083f00000|100%|HC|  |TAMS 0x0000000083e00000, 0x0000000083e00000| Complete 
|  45|0x0000000083f00000, 0x0000000084000000, 0x0000000084000000|100%|HC|  |TAMS 0x0000000083f00000, 0x0000000083f00000| Complete 
|  46|0x0000000084000000, 0x0000000084100000, 0x0000000084100000|100%|HC|  |TAMS 0x0000000084000000, 0x0000000084000000| Complete 
|  47|0x0000000084100000, 0x0000000084200000, 0x0000000084200000|100%|HC|  |TAMS 0x0000000084100000, 0x0000000084100000| Complete 
|  48|0x0000000084200000, 0x0000000084300000, 0x0000000084300000|100%| O|  |TAMS 0x0000000084200000, 0x0000000084200000| Untracked 
|  49|0x0000000084300000, 0x0000000084400000, 0x0000000084400000|100%| O|  |TAMS 0x0000000084300000, 0x0000000084300000| Untracked 
|  50|0x0000000084400000, 0x0000000084500000, 0x0000000084500000|100%| O|  |TAMS 0x0000000084400000, 0x0000000084400000| Untracked 
|  51|0x0000000084500000, 0x000000008452e600, 0x0000000084600000| 18%| O|  |TAMS 0x0000000084500000, 0x0000000084500000| Untracked 
|  52|0x0000000084600000, 0x0000000084600000, 0x0000000084700000|  0%| F|  |TAMS 0x0000000084600000, 0x0000000084600000| Untracked 
|  53|0x0000000084700000, 0x0000000084700000, 0x0000000084800000|  0%| F|  |TAMS 0x0000000084700000, 0x0000000084700000| Untracked 
|  54|0x0000000084800000, 0x0000000084800000, 0x0000000084900000|  0%| F|  |TAMS 0x0000000084800000, 0x0000000084800000| Untracked 
|  55|0x0000000084900000, 0x0000000084900000, 0x0000000084a00000|  0%| F|  |TAMS 0x0000000084900000, 0x0000000084900000| Untracked 
|  56|0x0000000084a00000, 0x0000000084a00000, 0x0000000084b00000|  0%| F|  |TAMS 0x0000000084a00000, 0x0000000084a00000| Untracked 
|  57|0x0000000084b00000, 0x0000000084b00000, 0x0000000084c00000|  0%| F|  |TAMS 0x0000000084b00000, 0x0000000084b00000| Untracked 
|  58|0x0000000084c00000, 0x0000000084c00000, 0x0000000084d00000|  0%| F|  |TAMS 0x0000000084c00000, 0x0000000084c00000| Untracked 
|  59|0x0000000084d00000, 0x0000000084d00000, 0x0000000084e00000|  0%| F|  |TAMS 0x0000000084d00000, 0x0000000084d00000| Untracked 
|  60|0x0000000084e00000, 0x0000000084e00000, 0x0000000084f00000|  0%| F|  |TAMS 0x0000000084e00000, 0x0000000084e00000| Untracked 
|  61|0x0000000084f00000, 0x0000000084f00000, 0x0000000085000000|  0%| F|  |TAMS 0x0000000084f00000, 0x0000000084f00000| Untracked 
|  62|0x0000000085000000, 0x0000000085000000, 0x0000000085100000|  0%| F|  |TAMS 0x0000000085000000, 0x0000000085000000| Untracked 
|  63|0x0000000085100000, 0x0000000085100000, 0x0000000085200000|  0%| F|  |TAMS 0x0000000085100000, 0x0000000085100000| Untracked 
|  64|0x0000000085200000, 0x0000000085200000, 0x0000000085300000|  0%| F|  |TAMS 0x0000000085200000, 0x0000000085200000| Untracked 
|  65|0x0000000085300000, 0x0000000085300000, 0x0000000085400000|  0%| F|  |TAMS 0x0000000085300000, 0x0000000085300000| Untracked 
|  66|0x0000000085400000, 0x0000000085400000, 0x0000000085500000|  0%| F|  |TAMS 0x0000000085400000, 0x0000000085400000| Untracked 
|  67|0x0000000085500000, 0x0000000085500000, 0x0000000085600000|  0%| F|  |TAMS 0x0000000085500000, 0x0000000085500000| Untracked 
|  68|0x0000000085600000, 0x0000000085600000, 0x0000000085700000|  0%| F|  |TAMS 0x0000000085600000, 0x0000000085600000| Untracked 
|  69|0x0000000085700000, 0x0000000085700000, 0x0000000085800000|  0%| F|  |TAMS 0x0000000085700000, 0x0000000085700000| Untracked 
|  70|0x0000000085800000, 0x0000000085800000, 0x0000000085900000|  0%| F|  |TAMS 0x0000000085800000, 0x0000000085800000| Untracked 
|  71|0x0000000085900000, 0x0000000085900000, 0x0000000085a00000|  0%| F|  |TAMS 0x0000000085900000, 0x0000000085900000| Untracked 
|  72|0x0000000085a00000, 0x0000000085a00000, 0x0000000085b00000|  0%| F|  |TAMS 0x0000000085a00000, 0x0000000085a00000| Untracked 
|  73|0x0000000085b00000, 0x0000000085b00000, 0x0000000085c00000|  0%| F|  |TAMS 0x0000000085b00000, 0x0000000085b00000| Untracked 
|  74|0x0000000085c00000, 0x0000000085c00000, 0x0000000085d00000|  0%| F|  |TAMS 0x0000000085c00000, 0x0000000085c00000| Untracked 
|  75|0x0000000085d00000, 0x0000000085d00000, 0x0000000085e00000|  0%| F|  |TAMS 0x0000000085d00000, 0x0000000085d00000| Untracked 
|  76|0x0000000085e00000, 0x0000000085e00000, 0x0000000085f00000|  0%| F|  |TAMS 0x0000000085e00000, 0x0000000085e00000| Untracked 
|  77|0x0000000085f00000, 0x0000000085f00000, 0x0000000086000000|  0%| F|  |TAMS 0x0000000085f00000, 0x0000000085f00000| Untracked 
|  78|0x0000000086000000, 0x0000000086000000, 0x0000000086100000|  0%| F|  |TAMS 0x0000000086000000, 0x0000000086000000| Untracked 
|  79|0x0000000086100000, 0x0000000086100000, 0x0000000086200000|  0%| F|  |TAMS 0x0000000086100000, 0x0000000086100000| Untracked 
|  80|0x0000000086200000, 0x0000000086200000, 0x0000000086300000|  0%| F|  |TAMS 0x0000000086200000, 0x0000000086200000| Untracked 
|  81|0x0000000086300000, 0x0000000086300000, 0x0000000086400000|  0%| F|  |TAMS 0x0000000086300000, 0x0000000086300000| Untracked 
|  82|0x0000000086400000, 0x0000000086400000, 0x0000000086500000|  0%| F|  |TAMS 0x0000000086400000, 0x0000000086400000| Untracked 
|  83|0x0000000086500000, 0x0000000086500000, 0x0000000086600000|  0%| F|  |TAMS 0x0000000086500000, 0x0000000086500000| Untracked 
|  84|0x0000000086600000, 0x0000000086600000, 0x0000000086700000|  0%| F|  |TAMS 0x0000000086600000, 0x0000000086600000| Untracked 
|  85|0x0000000086700000, 0x0000000086700000, 0x0000000086800000|  0%| F|  |TAMS 0x0000000086700000, 0x0000000086700000| Untracked 
|  86|0x0000000086800000, 0x0000000086800000, 0x0000000086900000|  0%| F|  |TAMS 0x0000000086800000, 0x0000000086800000| Untracked 
|  87|0x0000000086900000, 0x0000000086900000, 0x0000000086a00000|  0%| F|  |TAMS 0x0000000086900000, 0x0000000086900000| Untracked 
|  88|0x0000000086a00000, 0x0000000086a00000, 0x0000000086b00000|  0%| F|  |TAMS 0x0000000086a00000, 0x0000000086a00000| Untracked 
|  89|0x0000000086b00000, 0x0000000086b00000, 0x0000000086c00000|  0%| F|  |TAMS 0x0000000086b00000, 0x0000000086b00000| Untracked 
|  90|0x0000000086c00000, 0x0000000086c00000, 0x0000000086d00000|  0%| F|  |TAMS 0x0000000086c00000, 0x0000000086c00000| Untracked 
|  91|0x0000000086d00000, 0x0000000086d00000, 0x0000000086e00000|  0%| F|  |TAMS 0x0000000086d00000, 0x0000000086d00000| Untracked 
|  92|0x0000000086e00000, 0x0000000086e00000, 0x0000000086f00000|  0%| F|  |TAMS 0x0000000086e00000, 0x0000000086e00000| Untracked 
|  93|0x0000000086f00000, 0x0000000086f00000, 0x0000000087000000|  0%| F|  |TAMS 0x0000000086f00000, 0x0000000086f00000| Untracked 
|  94|0x0000000087000000, 0x00000000870b1e80, 0x0000000087100000| 69%| S|CS|TAMS 0x0000000087000000, 0x0000000087000000| Complete 
|  95|0x0000000087100000, 0x0000000087100000, 0x0000000087200000|  0%| F|  |TAMS 0x0000000087100000, 0x0000000087100000| Untracked 
|  96|0x0000000087200000, 0x0000000087200000, 0x0000000087300000|  0%| F|  |TAMS 0x0000000087200000, 0x0000000087200000| Untracked 
|  97|0x0000000087300000, 0x0000000087300000, 0x0000000087400000|  0%| F|  |TAMS 0x0000000087300000, 0x0000000087300000| Untracked 
|  98|0x0000000087400000, 0x0000000087400000, 0x0000000087500000|  0%| F|  |TAMS 0x0000000087400000, 0x0000000087400000| Untracked 
|  99|0x0000000087500000, 0x0000000087500000, 0x0000000087600000|  0%| F|  |TAMS 0x0000000087500000, 0x0000000087500000| Untracked 
| 100|0x0000000087600000, 0x0000000087600000, 0x0000000087700000|  0%| F|  |TAMS 0x0000000087600000, 0x0000000087600000| Untracked 
| 101|0x0000000087700000, 0x0000000087700000, 0x0000000087800000|  0%| F|  |TAMS 0x0000000087700000, 0x0000000087700000| Untracked 
| 102|0x0000000087800000, 0x0000000087800000, 0x0000000087900000|  0%| F|  |TAMS 0x0000000087800000, 0x0000000087800000| Untracked 
| 103|0x0000000087900000, 0x0000000087900000, 0x0000000087a00000|  0%| F|  |TAMS 0x0000000087900000, 0x0000000087900000| Untracked 
| 104|0x0000000087a00000, 0x0000000087a00000, 0x0000000087b00000|  0%| F|  |TAMS 0x0000000087a00000, 0x0000000087a00000| Untracked 
| 105|0x0000000087b00000, 0x0000000087b00000, 0x0000000087c00000|  0%| F|  |TAMS 0x0000000087b00000, 0x0000000087b00000| Untracked 
| 106|0x0000000087c00000, 0x0000000087c00000, 0x0000000087d00000|  0%| F|  |TAMS 0x0000000087c00000, 0x0000000087c00000| Untracked 
| 107|0x0000000087d00000, 0x0000000087d00000, 0x0000000087e00000|  0%| F|  |TAMS 0x0000000087d00000, 0x0000000087d00000| Untracked 
| 108|0x0000000087e00000, 0x0000000087e00000, 0x0000000087f00000|  0%| F|  |TAMS 0x0000000087e00000, 0x0000000087e00000| Untracked 
| 109|0x0000000087f00000, 0x0000000087f00000, 0x0000000088000000|  0%| F|  |TAMS 0x0000000087f00000, 0x0000000087f00000| Untracked 
| 110|0x0000000088000000, 0x0000000088000000, 0x0000000088100000|  0%| F|  |TAMS 0x0000000088000000, 0x0000000088000000| Untracked 
| 111|0x0000000088100000, 0x0000000088100000, 0x0000000088200000|  0%| F|  |TAMS 0x0000000088100000, 0x0000000088100000| Untracked 
| 112|0x0000000088200000, 0x0000000088200000, 0x0000000088300000|  0%| F|  |TAMS 0x0000000088200000, 0x0000000088200000| Untracked 
| 113|0x0000000088300000, 0x0000000088300000, 0x0000000088400000|  0%| F|  |TAMS 0x0000000088300000, 0x0000000088300000| Untracked 
| 114|0x0000000088400000, 0x0000000088400000, 0x0000000088500000|  0%| F|  |TAMS 0x0000000088400000, 0x0000000088400000| Untracked 
| 115|0x0000000088500000, 0x0000000088500000, 0x0000000088600000|  0%| F|  |TAMS 0x0000000088500000, 0x0000000088500000| Untracked 
| 116|0x0000000088600000, 0x0000000088600000, 0x0000000088700000|  0%| F|  |TAMS 0x0000000088600000, 0x0000000088600000| Untracked 
| 117|0x0000000088700000, 0x0000000088700000, 0x0000000088800000|  0%| F|  |TAMS 0x0000000088700000, 0x0000000088700000| Untracked 
| 118|0x0000000088800000, 0x0000000088800000, 0x0000000088900000|  0%| F|  |TAMS 0x0000000088800000, 0x0000000088800000| Untracked 
| 119|0x0000000088900000, 0x0000000088900000, 0x0000000088a00000|  0%| F|  |TAMS 0x0000000088900000, 0x0000000088900000| Untracked 
| 120|0x0000000088a00000, 0x0000000088a00000, 0x0000000088b00000|  0%| F|  |TAMS 0x0000000088a00000, 0x0000000088a00000| Untracked 
| 121|0x0000000088b00000, 0x0000000088b00000, 0x0000000088c00000|  0%| F|  |TAMS 0x0000000088b00000, 0x0000000088b00000| Untracked 
| 122|0x0000000088c00000, 0x0000000088c00000, 0x0000000088d00000|  0%| F|  |TAMS 0x0000000088c00000, 0x0000000088c00000| Untracked 
| 123|0x0000000088d00000, 0x0000000088d00000, 0x0000000088e00000|  0%| F|  |TAMS 0x0000000088d00000, 0x0000000088d00000| Untracked 
| 124|0x0000000088e00000, 0x0000000088e00000, 0x0000000088f00000|  0%| F|  |TAMS 0x0000000088e00000, 0x0000000088e00000| Untracked 
| 125|0x0000000088f00000, 0x0000000088f00000, 0x0000000089000000|  0%| F|  |TAMS 0x0000000088f00000, 0x0000000088f00000| Untracked 
| 126|0x0000000089000000, 0x0000000089000000, 0x0000000089100000|  0%| F|  |TAMS 0x0000000089000000, 0x0000000089000000| Untracked 
| 127|0x0000000089100000, 0x0000000089200000, 0x0000000089200000|100%| E|  |TAMS 0x0000000089100000, 0x0000000089100000| Complete 

Card table byte_map: [0x000001edc3a50000,0x000001edc3e50000] _byte_map_base: 0x000001edc3647000

Marking Bits (Prev, Next): (CMBitMap*) 0x000001edac2869e8, (CMBitMap*) 0x000001edac286a28
 Prev Bits: [0x000001edc4250000, 0x000001edc6208000)
 Next Bits: [0x000001edc6210000, 0x000001edc81c8000)

Polling page: 0x000001edaa100000

Metaspace:

Usage:
  Non-class:      8.04 MB capacity,     7.88 MB ( 98%) used,   147.08 KB (  2%) free+waste,    25.88 KB ( <1%) overhead. 
      Class:      1.08 MB capacity,   946.18 KB ( 85%) used,   147.95 KB ( 13%) free+waste,    15.88 KB (  1%) overhead. 
       Both:      9.13 MB capacity,     8.80 MB ( 96%) used,   295.02 KB (  3%) free+waste,    41.75 KB ( <1%) overhead. 

Virtual space:
  Non-class space:       10.00 MB reserved,       8.25 MB ( 83%) committed 
      Class space:        1.00 GB reserved,       1.13 MB ( <1%) committed 
             Both:        1.01 GB reserved,       9.38 MB ( <1%) committed 

Chunk freelists:
   Non-Class:  2.25 KB
       Class:  1.25 KB
        Both:  3.50 KB

CodeHeap 'non-profiled nmethods': size=120064Kb used=789Kb max_used=789Kb free=119274Kb
 bounds [0x000001edbc110000, 0x000001edbc380000, 0x000001edc3650000]
CodeHeap 'profiled nmethods': size=120000Kb used=3217Kb max_used=3217Kb free=116782Kb
 bounds [0x000001edb4be0000, 0x000001edb4f10000, 0x000001edbc110000]
CodeHeap 'non-nmethods': size=5696Kb used=1219Kb max_used=1243Kb free=4477Kb
 bounds [0x000001edb4650000, 0x000001edb48c0000, 0x000001edb4be0000]
 total_blobs=2752 nmethods=1770 adapters=487
 compilation: enabled
              stopped_count=0, restarted_count=0
 full_count=0

Compilation events (10 events):
Event: 8.136 Thread 0x000001edcb023800 1768       3       jdk.internal.misc.Unsafe::getIntUnaligned (12 bytes)
Event: 8.137 Thread 0x000001edcb023800 nmethod 1768 0x000001edb4f02b10 code [0x000001edb4f02ce0, 0x000001edb4f02f98]
Event: 8.137 Thread 0x000001edcb023800 1769       3       jdk.internal.misc.Unsafe::getIntUnaligned (83 bytes)
Event: 8.137 Thread 0x000001edcb023800 nmethod 1769 0x000001edb4f03090 code [0x000001edb4f03280, 0x000001edb4f03790]
Event: 8.138 Thread 0x000001edcb023800 1770       3       java.nio.ByteBufferAsIntBufferB::get (26 bytes)
Event: 8.138 Thread 0x000001edcb023800 nmethod 1770 0x000001edb4f03910 code [0x000001edb4f03b20, 0x000001edb4f04030]
Event: 8.138 Thread 0x000001edcb023800 1771       3       java.lang.StringUTF16::compress (20 bytes)
Event: 8.139 Thread 0x000001edcb023800 nmethod 1771 0x000001edb4f04210 code [0x000001edb4f043e0, 0x000001edb4f04670]
Event: 8.152 Thread 0x000001edca6b1800 nmethod 1761 0x000001edbc1d4210 code [0x000001edbc1d4400, 0x000001edbc1d4dd0]
Event: 8.153 Thread 0x000001edca6b1800 1766       4       java.lang.invoke.LambdaForm$Name::useCount (42 bytes)

GC Heap History (6 events):
Event: 2.572 GC heap before
{Heap before GC invocations=0 (full 0):
 garbage-first heap   total 131072K, used 62464K [0x0000000081200000, 0x0000000100000000)
  region size 1024K, 14 young (14336K), 0 survivors (0K)
 Metaspace       used 8631K, capacity 8917K, committed 9088K, reserved 1056768K
  class space    used 938K, capacity 1073K, committed 1152K, reserved 1048576K
}
Event: 2.581 GC heap after
{Heap after GC invocations=1 (full 0):
 garbage-first heap   total 131072K, used 52539K [0x0000000081200000, 0x0000000100000000)
  region size 1024K, 2 young (2048K), 2 survivors (2048K)
 Metaspace       used 8631K, capacity 8917K, committed 9088K, reserved 1056768K
  class space    used 938K, capacity 1073K, committed 1152K, reserved 1048576K
}
Event: 3.996 GC heap before
{Heap before GC invocations=1 (full 0):
 garbage-first heap   total 131072K, used 62779K [0x0000000081200000, 0x0000000100000000)
  region size 1024K, 12 young (12288K), 2 survivors (2048K)
 Metaspace       used 8803K, capacity 9045K, committed 9344K, reserved 1056768K
  class space    used 938K, capacity 1073K, committed 1152K, reserved 1048576K
}
Event: 4.000 GC heap after
{Heap after GC invocations=2 (full 0):
 garbage-first heap   total 131072K, used 52710K [0x0000000081200000, 0x0000000100000000)
  region size 1024K, 1 young (1024K), 1 survivors (1024K)
 Metaspace       used 8803K, capacity 9045K, committed 9344K, reserved 1056768K
  class space    used 938K, capacity 1073K, committed 1152K, reserved 1048576K
}
Event: 8.067 GC heap before
{Heap before GC invocations=2 (full 0):
 garbage-first heap   total 131072K, used 84454K [0x0000000081200000, 0x0000000100000000)
  region size 1024K, 33 young (33792K), 1 survivors (1024K)
 Metaspace       used 8974K, capacity 9301K, committed 9600K, reserved 1058816K
  class space    used 939K, capacity 1073K, committed 1152K, reserved 1048576K
}
Event: 8.070 GC heap after
{Heap after GC invocations=3 (full 0):
 garbage-first heap   total 131072K, used 53121K [0x0000000081200000, 0x0000000100000000)
  region size 1024K, 1 young (1024K), 1 survivors (1024K)
 Metaspace       used 8974K, capacity 9301K, committed 9600K, reserved 1058816K
  class space    used 939K, capacity 1073K, committed 1152K, reserved 1048576K
}

Deoptimization events (8 events):
Event: 0.154 Thread 0x000001edac247000 Uncommon trap: reason=unstable_if action=reinterpret pc=0x000001edbc1148bc method=java.lang.String.hashCode()I @ 14 c2
Event: 0.313 Thread 0x000001edcb136000 Uncommon trap: reason=range_check action=reinterpret pc=0x000001edbc121da8 method=java.lang.StringLatin1.indexOf([BII)I @ 13 c2
Event: 0.570 Thread 0x000001edcb136000 Uncommon trap: reason=unstable_if action=reinterpret pc=0x000001edbc12f794 method=java.lang.StringLatin1.replace([BCC)Ljava/lang/String; @ 19 c2
Event: 2.028 Thread 0x000001edcb136000 Uncommon trap: reason=unstable_if action=reinterpret pc=0x000001edbc169aa4 method=java.awt.geom.AffineTransform.scale(DD)V @ 8 c2
Event: 2.038 Thread 0x000001edcb136000 Uncommon trap: reason=profile_predicate action=maybe_recompile pc=0x000001edbc14dc00 method=java.lang.StringLatin1.indexOf([BI[BII)I @ 18 c2
Event: 2.038 Thread 0x000001edcb136000 Uncommon trap: reason=profile_predicate action=maybe_recompile pc=0x000001edbc14dc00 method=java.lang.StringLatin1.indexOf([BI[BII)I @ 18 c2
Event: 2.038 Thread 0x000001edcb136000 Uncommon trap: reason=profile_predicate action=maybe_recompile pc=0x000001edbc14dc00 method=java.lang.StringLatin1.indexOf([BI[BII)I @ 18 c2
Event: 8.120 Thread 0x000001edcb136000 Uncommon trap: reason=unstable_if action=reinterpret pc=0x000001edbc1916e8 method=sun.font.TrueTypeFont.getTableBuffer(I)Ljava/nio/ByteBuffer; @ 93 c2

Classes redefined (0 events):
No events

Internal exceptions (10 events):
Event: 0.525 Thread 0x000001edcb136000 Exception <a 'java/lang/NoSuchMethodError'{0x0000000088d704d8}: java.lang.invoke.DirectMethodHandle$Holder.invokeStaticInit(Ljava/lang/Object;)V> (0x0000000088d704d8) thrown at [t:/workspace/open/src/hotspot/share/interpreter/linkResolver.cpp, line 777]
Event: 0.565 Thread 0x000001edcb136000 Exception <a 'java/lang/NoSuchMethodError'{0x0000000088c45ed0}: java.lang.invoke.Invokers$Holder.linkToTargetMethod(Ljava/lang/Object;ILjava/lang/Object;)Ljava/lang/Object;> (0x0000000088c45ed0) thrown at [t:/workspace/open/src/hotspot/share/interpreter/l
Event: 0.676 Thread 0x000001edcb136000 Exception <a 'java/lang/NoSuchMethodError'{0x0000000088caab38}: java.lang.invoke.DirectMethodHandle$Holder.invokeStaticInit(Ljava/lang/Object;IIII)Ljava/lang/Object;> (0x0000000088caab38) thrown at [t:/workspace/open/src/hotspot/share/interpreter/linkReso
Event: 0.929 Thread 0x000001edcb136000 Exception <a 'java/lang/NoSuchMethodError'{0x0000000088cce648}: java.lang.invoke.DirectMethodHandle$Holder.invokeStaticInit(Ljava/lang/Object;Ljava/lang/Object;IIII)Ljava/lang/Object;> (0x0000000088cce648) thrown at [t:/workspace/open/src/hotspot/share/in
Event: 1.241 Thread 0x000001edcb136000 Exception <a 'java/lang/ArrayIndexOutOfBoundsException'{0x00000000888efd60}: Index 424 out of bounds for length 424> (0x00000000888efd60) thrown at [t:/workspace/open/src/hotspot/share/interpreter/interpreterRuntime.cpp, line 462]
Event: 8.120 Thread 0x000001edcb136000 Implicit null exception at 0x000001edbc18f633 to 0x000001edbc1916be
Event: 8.121 Thread 0x000001edcb136000 Exception <a 'java/io/FileNotFoundException'{0x00000000891acf38}> (0x00000000891acf38) thrown at [t:/workspace/open/src/hotspot/share/prims/jni.cpp, line 615]
Event: 8.121 Thread 0x000001edcb136000 Exception <a 'java/io/FileNotFoundException'{0x00000000891adf80}> (0x00000000891adf80) thrown at [t:/workspace/open/src/hotspot/share/prims/jni.cpp, line 615]
Event: 8.122 Thread 0x000001edcb136000 Exception <a 'java/io/FileNotFoundException'{0x00000000891af480}> (0x00000000891af480) thrown at [t:/workspace/open/src/hotspot/share/prims/jni.cpp, line 615]
Event: 8.141 Thread 0x000001edcb136000 Exception <a 'java/io/FileNotFoundException'{0x00000000891d6210}> (0x00000000891d6210) thrown at [t:/workspace/open/src/hotspot/share/prims/jni.cpp, line 615]

Events (10 events):
Event: 8.121 loading class java/nio/channels/ClosedChannelException
Event: 8.121 loading class java/nio/channels/ClosedChannelException done
Event: 8.122 Executing VM operation: RevokeBias
Event: 8.122 Executing VM operation: RevokeBias done
Event: 8.130 loading class sun/font/SunFontManager$FamilyDescription
Event: 8.130 loading class sun/font/SunFontManager$FamilyDescription done
Event: 8.132 loading class sun/font/SunFontManager$5
Event: 8.132 loading class sun/font/SunFontManager$5 done
Event: 8.141 loading class sun/font/NullFontScaler
Event: 8.141 loading class sun/font/NullFontScaler done


Dynamic libraries:
0x00007ff6efdb0000 - 0x00007ff6efdbf000 	C:\Program Files\Java\jdk-12.0.2\bin\javaw.exe
0x00007ff8cc950000 - 0x00007ff8ccb3d000 	C:\WINDOWS\SYSTEM32\ntdll.dll
0x00007ff8ca2b0000 - 0x00007ff8ca363000 	C:\WINDOWS\System32\KERNEL32.DLL
0x00007ff8c8c10000 - 0x00007ff8c8ea3000 	C:\WINDOWS\System32\KERNELBASE.dll
0x00007ff8c9070000 - 0x00007ff8c916a000 	C:\WINDOWS\System32\ucrtbase.dll
0x00007ff8bca70000 - 0x00007ff8bca88000 	C:\Program Files\Java\jdk-12.0.2\bin\jli.dll
0x00007ff8ca200000 - 0x00007ff8ca2a3000 	C:\WINDOWS\System32\ADVAPI32.dll
0x00007ff8c9e30000 - 0x00007ff8c9ece000 	C:\WINDOWS\System32\msvcrt.dll
0x00007ff8caa10000 - 0x00007ff8caaae000 	C:\WINDOWS\System32\sechost.dll
0x00007ff8cae60000 - 0x00007ff8caf82000 	C:\WINDOWS\System32\RPCRT4.dll
0x00007ff8cacc0000 - 0x00007ff8cae57000 	C:\WINDOWS\System32\USER32.dll
0x00007ff8c9170000 - 0x00007ff8c9190000 	C:\WINDOWS\System32\win32u.dll
0x00007ff8ca980000 - 0x00007ff8ca9a9000 	C:\WINDOWS\System32\GDI32.dll
0x00007ff8c8eb0000 - 0x00007ff8c9049000 	C:\WINDOWS\System32\gdi32full.dll
0x00007ff8c8a10000 - 0x00007ff8c8ab0000 	C:\WINDOWS\System32\msvcp_win.dll
0x00007ff8b45e0000 - 0x00007ff8b45f6000 	C:\Program Files\Java\jdk-12.0.2\bin\VCRUNTIME140.dll
0x00007ff8ade60000 - 0x00007ff8ae0d9000 	C:\WINDOWS\WinSxS\amd64_microsoft.windows.common-controls_6595b64144ccf1df_6.0.17763.864_none_05b3441807210760\COMCTL32.dll
0x00007ff8c9ed0000 - 0x00007ff8ca1fc000 	C:\WINDOWS\System32\combase.dll
0x00007ff8c8ab0000 - 0x00007ff8c8b2e000 	C:\WINDOWS\System32\bcryptPrimitives.dll
0x00007ff8b8c70000 - 0x00007ff8b8c7a000 	C:\WINDOWS\SYSTEM32\VERSION.dll
0x00007ff8caab0000 - 0x00007ff8caade000 	C:\WINDOWS\System32\IMM32.DLL
0x00007ff8b34b0000 - 0x00007ff8b355a000 	C:\Program Files\Java\jdk-12.0.2\bin\msvcp140.dll
0x00007ff86a4c0000 - 0x00007ff86b037000 	C:\Program Files\Java\jdk-12.0.2\bin\server\jvm.dll
0x00007ff8ca430000 - 0x00007ff8ca438000 	C:\WINDOWS\System32\PSAPI.DLL
0x00007ff8c1580000 - 0x00007ff8c1589000 	C:\WINDOWS\SYSTEM32\WSOCK32.dll
0x00007ff8cac50000 - 0x00007ff8cacbd000 	C:\WINDOWS\System32\WS2_32.dll
0x00007ff8c13b0000 - 0x00007ff8c13d4000 	C:\WINDOWS\SYSTEM32\WINMM.dll
0x00007ff8c1380000 - 0x00007ff8c13ad000 	C:\WINDOWS\SYSTEM32\WINMMBASE.dll
0x00007ff8c8b30000 - 0x00007ff8c8b7a000 	C:\WINDOWS\System32\cfgmgr32.dll
0x00007ff8c89f0000 - 0x00007ff8c8a01000 	C:\WINDOWS\System32\kernel.appcore.dll
0x00007ff8b3640000 - 0x00007ff8b3651000 	C:\Program Files\Java\jdk-12.0.2\bin\verify.dll
0x00007ff8c6be0000 - 0x00007ff8c6dcd000 	C:\WINDOWS\SYSTEM32\DBGHELP.DLL
0x00007ff8a8030000 - 0x00007ff8a805a000 	C:\WINDOWS\SYSTEM32\dbgcore.DLL
0x00007ff8b1e90000 - 0x00007ff8b1eb6000 	C:\Program Files\Java\jdk-12.0.2\bin\java.dll
0x00007ff8b3600000 - 0x00007ff8b3617000 	C:\Program Files\Java\jdk-12.0.2\bin\zip.dll
0x00007ff8bf780000 - 0x00007ff8bf78a000 	C:\Program Files\Java\jdk-12.0.2\bin\jimage.dll
0x00007ff8caf90000 - 0x00007ff8cc484000 	C:\WINDOWS\System32\SHELL32.dll
0x00007ff8ca4c0000 - 0x00007ff8ca568000 	C:\WINDOWS\System32\shcore.dll
0x00007ff8c9190000 - 0x00007ff8c98dd000 	C:\WINDOWS\System32\windows.storage.dll
0x00007ff8c89a0000 - 0x00007ff8c89c4000 	C:\WINDOWS\System32\profapi.dll
0x00007ff8c8940000 - 0x00007ff8c899d000 	C:\WINDOWS\System32\powrprof.dll
0x00007ff8ca9b0000 - 0x00007ff8caa02000 	C:\WINDOWS\System32\shlwapi.dll
0x00007ff8c9050000 - 0x00007ff8c9067000 	C:\WINDOWS\System32\cryptsp.dll
0x00007ff8b1f10000 - 0x00007ff8b20af000 	C:\Program Files\Java\jdk-12.0.2\bin\awt.dll
0x00007ff8c9d60000 - 0x00007ff8c9e24000 	C:\WINDOWS\System32\OLEAUT32.dll
0x00007ff8c0890000 - 0x00007ff8c0e4e000 	C:\WINDOWS\SYSTEM32\d2d1.dll
0x00007ff8c15d0000 - 0x00007ff8c165c000 	C:\WINDOWS\SYSTEM32\apphelp.dll
0x00007ff8c6fc0000 - 0x00007ff8c6fee000 	C:\WINDOWS\system32\DWMAPI.DLL
0x00007ff8c9990000 - 0x00007ff8c9b6b000 	C:\WINDOWS\System32\CRYPT32.dll
0x00007ff8c89d0000 - 0x00007ff8c89e2000 	C:\WINDOWS\System32\MSASN1.dll
0x00007ff8c1770000 - 0x00007ff8c180c000 	C:\WINDOWS\system32\uxtheme.dll
0x00007ff8b1440000 - 0x00007ff8b1567000 	C:\WINDOWS\system32\opengl32.dll
0x00007ff8b45b0000 - 0x00007ff8b45dc000 	C:\WINDOWS\SYSTEM32\GLU32.dll
0x00007ff8caae0000 - 0x00007ff8cac4c000 	C:\WINDOWS\System32\MSCTF.dll
0x00007ff8c9bf0000 - 0x00007ff8c9d45000 	C:\WINDOWS\System32\ole32.dll
0x00007ff8b3430000 - 0x00007ff8b34b0000 	C:\Program Files\Java\jdk-12.0.2\bin\freetype.dll
0x00007ff8b1bb0000 - 0x00007ff8b1c5b000 	C:\Program Files\Java\jdk-12.0.2\bin\fontmanager.dll
0x00007ff8b1670000 - 0x00007ff8b1705000 	C:\WINDOWS\System32\TextInputFramework.dll
0x00007ff8c0650000 - 0x00007ff8c0732000 	C:\WINDOWS\System32\CoreMessaging.dll
0x00007ff8bedf0000 - 0x00007ff8bf112000 	C:\WINDOWS\System32\CoreUIComponents.dll
0x00007ff8c79b0000 - 0x00007ff8c79e1000 	C:\WINDOWS\SYSTEM32\ntmarta.dll
0x00007ff8c1ed0000 - 0x00007ff8c2023000 	C:\WINDOWS\SYSTEM32\wintypes.dll
0x00007ff8af670000 - 0x00007ff8af6dc000 	C:\WINDOWS\system32\Oleacc.dll
0x00007ff8c7cd0000 - 0x00007ff8c7d03000 	C:\WINDOWS\system32\rsaenh.dll
0x00007ff8c8be0000 - 0x00007ff8c8c06000 	C:\WINDOWS\System32\bcrypt.dll
0x00007ff8c8840000 - 0x00007ff8c8868000 	C:\WINDOWS\SYSTEM32\USERENV.dll
0x00007ff8c8320000 - 0x00007ff8c832c000 	C:\WINDOWS\SYSTEM32\CRYPTBASE.dll
0x00007ff8b33c0000 - 0x00007ff8b33d9000 	C:\Program Files\Java\jdk-12.0.2\bin\net.dll
0x00007ff8bebf0000 - 0x00007ff8bece2000 	C:\WINDOWS\SYSTEM32\WINHTTP.dll
0x00007ff8b7290000 - 0x00007ff8b7467000 	C:\WINDOWS\SYSTEM32\urlmon.dll
0x00007ff8b6fe0000 - 0x00007ff8b7288000 	C:\WINDOWS\SYSTEM32\iertutil.dll
0x00007ff8c8150000 - 0x00007ff8c81b7000 	C:\WINDOWS\system32\mswsock.dll
0x00007ff8c7e70000 - 0x00007ff8c7ead000 	C:\WINDOWS\SYSTEM32\IPHLPAPI.DLL
0x00007ff8cc490000 - 0x00007ff8cc498000 	C:\WINDOWS\System32\NSI.dll
0x00007ff8b9aa0000 - 0x00007ff8b9ab6000 	C:\WINDOWS\SYSTEM32\dhcpcsvc6.DLL
0x00007ff8ba140000 - 0x00007ff8ba15c000 	C:\WINDOWS\SYSTEM32\dhcpcsvc.DLL
0x00007ff8c7eb0000 - 0x00007ff8c7f76000 	C:\WINDOWS\SYSTEM32\DNSAPI.dll
0x00007ff8b26f0000 - 0x00007ff8b2703000 	C:\Program Files\Java\jdk-12.0.2\bin\nio.dll

dbghelp: loaded successfully - version: 4.0.5 - missing functions: none
symbol engine: initialized successfully - sym options: 0x614 - pdb path: .;C:\Program Files\Java\jdk-12.0.2\bin;C:\WINDOWS\SYSTEM32;C:\WINDOWS\WinSxS\amd64_microsoft.windows.common-controls_6595b64144ccf1df_6.0.17763.864_none_05b3441807210760;C:\Program Files\Java\jdk-12.0.2\bin\server

VM Arguments:
jvm_args: -Dfile.encoding=Cp1252 
java_command: dev.java2dgame.main.Launcher
java_class_path (initial): C:\Users\maxoo\OneDrive\Documents\JavaProjects\GradeEscapeJava\bin;C:\Users\maxoo\OneDrive\Documents\JavaProjects\GradeEscapeJava\res
Launcher Type: SUN_STANDARD

[Global flags]
     intx CICompilerCount                          = 3                                         {product} {ergonomic}
     uint ConcGCThreads                            = 1                                         {product} {ergonomic}
     uint G1ConcRefinementThreads                  = 4                                         {product} {ergonomic}
   size_t G1HeapRegionSize                         = 1048576                                   {product} {ergonomic}
    uintx GCDrainStackTargetSize                   = 64                                        {product} {ergonomic}
   size_t InitialHeapSize                          = 134217728                                 {product} {ergonomic}
   size_t MarkStackSize                            = 4194304                                   {product} {ergonomic}
   size_t MaxHeapSize                              = 2128609280                                {product} {ergonomic}
   size_t MaxNewSize                               = 1277165568                                {product} {ergonomic}
   size_t MinHeapDeltaBytes                        = 1048576                                   {product} {ergonomic}
    uintx NonNMethodCodeHeapSize                   = 5830732                                {pd product} {ergonomic}
    uintx NonProfiledCodeHeapSize                  = 122913754                              {pd product} {ergonomic}
    uintx ProfiledCodeHeapSize                     = 122913754                              {pd product} {ergonomic}
    uintx ReservedCodeCacheSize                    = 251658240                              {pd product} {ergonomic}
     bool SegmentedCodeCache                       = true                                      {product} {ergonomic}
     bool UseCompressedClassPointers               = true                                 {lp64_product} {ergonomic}
     bool UseCompressedOops                        = true                                 {lp64_product} {ergonomic}
     bool UseG1GC                                  = true                                      {product} {ergonomic}
     bool UseLargePagesIndividualAllocation        = false                                  {pd product} {ergonomic}

Logging:
Log output configuration:
 #0: stdout all=warning uptime,level,tags
 #1: stderr all=off uptime,level,tags

Environment Variables:
PATH=C:/Program Files/Java/jdk-12.0.2/bin/server;C:/Program Files/Java/jdk-12.0.2/bin;C:\Program Files (x86)\Common Files\Oracle\Java\javapath;C:\WINDOWS\system32;C:\WINDOWS;C:\WINDOWS\System32\Wbem;C:\WINDOWS\System32\WindowsPowerShell\v1.0\;C:\WINDOWS\System32\OpenSSH\;C:\Program Files\Git\cmd;C:\Users\maxoo\Anaconda3;C:\Users\maxoo\Anaconda3\Library\mingw-w64\bin;C:\Users\maxoo\Anaconda3\Library\usr\bin;C:\Users\maxoo\Anaconda3\Library\bin;C:\Users\maxoo\Anaconda3\Scripts;C:\Users\maxoo\AppData\Local\Microsoft\WindowsApps;C:\Users\maxoo\AppData\Local\Programs\Python\Python37-32;C:\Users\maxoo\AppData\Local\Programs\Python\Python37-32\Scripts;C:\Users\maxoo\AppData\Roaming\Python\Python37\Scripts;C:\Program Files\Java\jdk-12.0.2\bin;C:\GNUstep\GNUstep\System\Tools;C:\GNUstep\bin;C:\Users\maxoo\eclipse\java-2019-09\eclipse;
USERNAME=maxoo
OS=Windows_NT
PROCESSOR_IDENTIFIER=Intel64 Family 6 Model 142 Stepping 9, GenuineIntel



---------------  S Y S T E M  ---------------

OS: Windows 10 , 64 bit Build 17763 (10.0.17763.475)

CPU:total 4 (initial active 4) (2 cores per cpu, 2 threads per core) family 6 model 142 stepping 9, cmov, cx8, fxsr, mmx, sse, sse2, sse3, ssse3, sse4.1, sse4.2, popcnt, avx, avx2, aes, clmul, erms, rtm, 3dnowpref, lzcnt, ht, tsc, tscinvbit, bmi1, bmi2, adx, fma

Memory: 4k page, system-wide physical 8117M (3910M free)
TotalPageFile size 9461M (AvailPageFile size 3284M)
current process WorkingSet (physical memory assigned to process): 149M, peak: 150M
current process commit charge ("private bytes"): 223M, peak: 224M

vm_info: Java HotSpot(TM) 64-Bit Server VM (12.0.2+10) for windows-amd64 JRE (12.0.2+10), built on Jul 16 2019 01:56:17 by "mach5one" with MS VC++ 15.5 (VS2017)

END.
