#
# A fatal error has been detected by the Java Runtime Environment:
#
#  EXCEPTION_ACCESS_VIOLATION (0xc0000005) at pc=0x00007ff9793a72a6, pid=2424, tid=1008
#
# JRE version: Java(TM) SE Runtime Environment (12.0.2+10) (build 12.0.2+10)
# Java VM: Java HotSpot(TM) 64-Bit Server VM (12.0.2+10, mixed mode, sharing, tiered, compressed oops, g1 gc, windows-amd64)
# Problematic frame:
# C  [ntdll.dll+0x72a6]
#
# No core dump will be written. Minidumps are not enabled by default on client versions of Windows
#
# If you would like to submit a bug report, please visit:
#   http://bugreport.java.com/bugreport/crash.jsp
# The crash happened outside the Java Virtual Machine in native code.
# See problematic frame for where to report the bug.
#

---------------  S U M M A R Y ------------

Command Line: -Dfile.encoding=Cp1252 dev.java2dgame.main.Launcher

Host: Intel(R) Core(TM) i5-8400 CPU @ 2.80GHz, 6 cores, 15G,  Windows 10 , 64 bit Build 18362 (10.0.18362.329)
Time: Sat Nov 16 12:25:28 2019 Eastern Standard Time elapsed time: 3 seconds (0d 0h 0m 3s)

---------------  T H R E A D  ---------------

Current thread (0x00000284eb0c1800):  JavaThread "Thread-0" [_thread_in_native, id=1008, stack(0x000000b893900000,0x000000b893a00000)]

Stack: [0x000000b893900000,0x000000b893a00000],  sp=0x000000b8939fedf0,  free space=1019k
Native frames: (J=compiled Java code, j=interpreted, Vv=VM code, C=native code)
C  [ntdll.dll+0x72a6]
C  [ntdll.dll+0x1b5f6]
C  [ntdll.dll+0x1b440]
C  0x00007ff96e52fe56

Java frames: (J=compiled Java code, j=interpreted, Vv=VM code)
j  sun.java2d.d3d.D3DSurfaceData.initOps(III)V+0 java.desktop@12.0.2
j  sun.java2d.d3d.D3DSurfaceData.<init>(Lsun/awt/windows/WComponentPeer;Lsun/java2d/d3d/D3DGraphicsConfig;IILjava/awt/Image;Ljava/awt/image/ColorModel;IILsun/java2d/pipe/hw/ExtendedBufferCapabilities$VSyncType;I)V+212 java.desktop@12.0.2
j  sun.java2d.d3d.D3DSurfaceData.createData(Lsun/awt/windows/WComponentPeer;Ljava/awt/Image;)Lsun/java2d/d3d/D3DSurfaceData;+117 java.desktop@12.0.2
j  sun.java2d.d3d.D3DVolatileSurfaceManager.initAcceleratedSurface()Lsun/java2d/SurfaceData;+68 java.desktop@12.0.2
j  sun.java2d.d3d.D3DVolatileSurfaceManager.restoreAcceleratedSurface()V+49 java.desktop@12.0.2
j  sun.awt.image.VolatileSurfaceManager.validate(Ljava/awt/GraphicsConfiguration;)I+94 java.desktop@12.0.2
j  sun.awt.image.SunVolatileImage.validate(Ljava/awt/GraphicsConfiguration;)I+5 java.desktop@12.0.2
j  java.awt.Component$FlipBufferStrategy.revalidate(Z)V+82 java.desktop@12.0.2
j  java.awt.Component$FlipBufferStrategy.revalidate()V+2 java.desktop@12.0.2
j  java.awt.Component$FlipBufferStrategy.getDrawGraphics()Ljava/awt/Graphics;+1 java.desktop@12.0.2
j  dev.java2dgame.main.Game.render()V+38
J 1215% c2 dev.java2dgame.main.Game.run()V (136 bytes) @ 0x00000284d704d070 [0x00000284d704cec0+0x00000000000001b0]
j  java.lang.Thread.run()V+11 java.base@12.0.2
v  ~StubRoutines::call_stub

siginfo: EXCEPTION_ACCESS_VIOLATION (0xc0000005), writing address 0x0000000000000024


Register to memory mapping:

RIP=0x00007ff9793a72a6 ntdll.dll
RAX=0x0 is NULL
RBX=0x00000284eb58a468 points into unknown readable memory: 00 00 00 00 00 00 00 00
RCX=0x00000284eb58a468 points into unknown readable memory: 00 00 00 00 00 00 00 00
RDX=0x00000000fffffffa is an unknown value
RSP=0x000000b8939fedf0 is pointing into the stack for thread: 0x00000284eb0c1800
RBP=0x0000000000010000 is an unknown value
RSI=0x0 is NULL
RDI=0x0 is NULL
R8 =0x0 is NULL
R9 =0x00000284eb58a400 points into unknown readable memory: 1c 00 07 00 06 00 00 00
R10=0x00000284eb0c11d0 points into unknown readable memory: 03 00 00 00 3c 00 00 00
R11=0x00000284ebc7d470 points into unknown readable memory: 70 36 25 46 f9 7f 00 00
R12=0x0 is NULL
R13=0x000000b892319000 points into unknown readable memory: 00 00 00 00 00 00 00 00
R14=0x0000000000000001 is an unknown value
R15=0x0 is NULL


Registers:
RAX=0x0000000000000000, RBX=0x00000284eb58a468, RCX=0x00000284eb58a468, RDX=0x00000000fffffffa
RSP=0x000000b8939fedf0, RBP=0x0000000000010000, RSI=0x0000000000000000, RDI=0x0000000000000000
R8 =0x0000000000000000, R9 =0x00000284eb58a400, R10=0x00000284eb0c11d0, R11=0x00000284ebc7d470
R12=0x0000000000000000, R13=0x000000b892319000, R14=0x0000000000000001, R15=0x0000000000000000
RIP=0x00007ff9793a72a6, EFLAGS=0x0000000000010213

Top of Stack: (sp=0x000000b8939fedf0)
0x000000b8939fedf0:   ffffffffffffffff 00000284eb58a468
0x000000b8939fee00:   000000b800000000 0000000000000180
0x000000b8939fee10:   000000b8939feeb0 000000b8939fedc8
0x000000b8939fee20:   000000b8939fee09 0000000800000005
0x000000b8939fee30:   0000000000000000 00000000fffffffa
0x000000b8939fee40:   000000b892319000 0000000000000000
0x000000b8939fee50:   00000284eb0c1800 00007ff93a31190e
0x000000b8939fee60:   00000284eaa9a038 00007ff93a78e351
0x000000b8939fee70:   00000284eb0c1800 00007ff94629d800
0x000000b8939fee80:   0000be890db6149a 00007ff93a56a2e9
0x000000b8939fee90:   00000284eb0c1800 0000000000000001
0x000000b8939feea0:   0000000000000001 0000000000000001
0x000000b8939feeb0:   0000000000000000 00000284eb58a468
0x000000b8939feec0:   0000000000010000 00007ff9793bb5f6
0x000000b8939feed0:   00007ff90000000e 00000284eb0c1800
0x000000b8939feee0:   00000000fffffffa 0000000000000000 

Instructions: (pc=0x00007ff9793a72a6)
0x00007ff9793a71a6:   eb e8 48 8b c1 48 33 c2 83 e0 03 48 33 c8 e9 d8
0x00007ff9793a71b6:   fe ff ff 49 83 63 18 00 49 8b 40 20 49 89 43 20
0x00007ff9793a71c6:   e9 ed fe ff ff 48 89 41 18 e9 e4 fe ff ff cc cc
0x00007ff9793a71d6:   cc cc cc cc cc cc cc cc cc cc 80 3d 21 e2 15 00
0x00007ff9793a71e6:   00 0f 95 c0 c3 cc cc cc cc cc cc cc cc cc cc cc
0x00007ff9793a71f6:   cc cc cc cc cc cc cc cc cc cc 48 89 5c 24 18 55
0x00007ff9793a7206:   56 57 41 54 41 55 41 56 41 57 48 81 ec a0 00 00
0x00007ff9793a7216:   00 48 8b 05 c2 62 17 00 48 33 c4 48 89 84 24 90
0x00007ff9793a7226:   00 00 00 65 4c 8b 2c 25 30 00 00 00 48 8d 05 bf
0x00007ff9793a7236:   82 15 00 40 32 ed 89 54 24 48 33 f6 40 88 6c 24
0x00007ff9793a7246:   40 4c 89 6c 24 50 48 8b d9 44 8b e6 48 3b c8 0f
0x00007ff9793a7256:   84 38 01 00 00 40 38 35 a6 e1 15 00 0f 85 9b 01
0x00007ff9793a7266:   00 00 39 35 ba e1 15 00 0f 85 5d 01 00 00 40 38
0x00007ff9793a7276:   35 7d dc 15 00 48 8d 3d 7e dc 15 00 48 0f 45 fe
0x00007ff9793a7286:   48 39 73 18 0f 84 d1 00 00 00 48 8b 03 48 83 f8
0x00007ff9793a7296:   ff 0f 84 d1 00 00 00 44 8b fe 48 83 f8 ff 74 03
0x00007ff9793a72a6:   ff 40 24 4c 8b 73 18 4c 8d 2d 44 82 15 00 bd 22
0x00007ff9793a72b6:   17 00 00 e8 f2 89 03 00 85 c0 0f 85 9e 0b 0a 00
0x00007ff9793a72c6:   b9 82 03 fe 7f 80 39 00 0f 85 ac 0b 0a 00 49 83
0x00007ff9793a72d6:   fe ff 0f 85 3a 0c 0a 00 4c 8b cf c7 44 24 20 00
0x00007ff9793a72e6:   00 00 00 41 b8 04 00 00 00 48 8d 54 24 48 48 8d
0x00007ff9793a72f6:   4b 08 e8 27 01 00 00 3d 02 01 00 00 0f 84 23 0c
0x00007ff9793a7306:   0a 00 8b 4b 08 89 4c 24 48 f6 c1 02 75 ca 3d 02
0x00007ff9793a7316:   01 00 00 0f 84 0c 0c 0a 00 0f b6 6c 24 40 4c 8b
0x00007ff9793a7326:   6c 24 50 85 c0 0f 88 cd 0c 0a 00 40 84 ed 75 72
0x00007ff9793a7336:   48 8b 8c 24 90 00 00 00 48 33 cc e8 6a 4e 08 00
0x00007ff9793a7346:   48 8b 9c 24 f0 00 00 00 48 81 c4 a0 00 00 00 41
0x00007ff9793a7356:   5f 41 5e 41 5d 41 5c 5f 5e 5d c3 48 8b cb e8 e7
0x00007ff9793a7366:   04 00 00 e9 22 ff ff ff 8b 4b 20 48 c7 c0 ff ff
0x00007ff9793a7376:   ff ff 48 0f ba e1 18 0f 82 1a ff ff ff 48 8b cb
0x00007ff9793a7386:   e8 35 c7 02 00 48 8b 03 e9 0a ff ff ff c6 44 24
0x00007ff9793a7396:   40 01 41 c7 85 60 17 00 00 01 00 00 00 e9 b3 fe 


Stack slot to memory mapping:
stack at sp + 0 slots: 0xffffffffffffffff is an unknown value
stack at sp + 1 slots: 0x00000284eb58a468 points into unknown readable memory: 00 00 00 00 00 00 00 00
stack at sp + 2 slots: 0x000000b800000000 is an unknown value
stack at sp + 3 slots: 0x0000000000000180 is an unknown value
stack at sp + 4 slots: 0x000000b8939feeb0 is pointing into the stack for thread: 0x00000284eb0c1800
stack at sp + 5 slots: 0x000000b8939fedc8 is pointing into the stack for thread: 0x00000284eb0c1800
stack at sp + 6 slots: 0x000000b8939fee09 is pointing into the stack for thread: 0x00000284eb0c1800
stack at sp + 7 slots: 0x0000000800000005 is pointing into metadata


---------------  P R O C E S S  ---------------

Threads class SMR info:
_java_thread_list=0x00000284ebcd1840, length=14, elements={
0x00000284ea6d2000, 0x00000284ea6d3000, 0x00000284ea6ea800, 0x00000284ea6eb800,
0x00000284ea6ee000, 0x00000284eaf83000, 0x00000284eaf88000, 0x00000284eb0b5800,
0x00000284eb0cf800, 0x00000284eb0c1800, 0x00000284c7119800, 0x00000284eb568000,
0x00000284eb56f800, 0x00000284eba6a800
}

Java Threads: ( => current thread )
  0x00000284ea6d2000 JavaThread "Reference Handler" daemon [_thread_blocked, id=8880, stack(0x000000b892f00000,0x000000b893000000)]
  0x00000284ea6d3000 JavaThread "Finalizer" daemon [_thread_blocked, id=9572, stack(0x000000b893000000,0x000000b893100000)]
  0x00000284ea6ea800 JavaThread "Signal Dispatcher" daemon [_thread_blocked, id=11160, stack(0x000000b893100000,0x000000b893200000)]
  0x00000284ea6eb800 JavaThread "Attach Listener" daemon [_thread_blocked, id=10564, stack(0x000000b893200000,0x000000b893300000)]
  0x00000284ea6ee000 JavaThread "C2 CompilerThread0" daemon [_thread_blocked, id=6532, stack(0x000000b893300000,0x000000b893400000)]
  0x00000284eaf83000 JavaThread "C1 CompilerThread0" daemon [_thread_blocked, id=12696, stack(0x000000b893400000,0x000000b893500000)]
  0x00000284eaf88000 JavaThread "Sweeper thread" daemon [_thread_blocked, id=11508, stack(0x000000b893500000,0x000000b893600000)]
  0x00000284eb0b5800 JavaThread "Service Thread" daemon [_thread_blocked, id=10496, stack(0x000000b893600000,0x000000b893700000)]
  0x00000284eb0cf800 JavaThread "Common-Cleaner" daemon [_thread_blocked, id=10028, stack(0x000000b893800000,0x000000b893900000)]
=>0x00000284eb0c1800 JavaThread "Thread-0" [_thread_in_native, id=1008, stack(0x000000b893900000,0x000000b893a00000)]
  0x00000284c7119800 JavaThread "DestroyJavaVM" [_thread_blocked, id=11472, stack(0x000000b892800000,0x000000b892900000)]
  0x00000284eb568000 JavaThread "Java2D Disposer" daemon [_thread_blocked, id=7792, stack(0x000000b893a00000,0x000000b893b00000)]
  0x00000284eb56f800 JavaThread "AWT-Shutdown" [_thread_blocked, id=7644, stack(0x000000b893b00000,0x000000b893c00000)]
  0x00000284eba6a800 JavaThread "AWT-EventQueue-0" [_thread_blocked, id=3648, stack(0x000000b893f00000,0x000000b894000000)]

Other Threads:
  0x00000284ea6d1800 VMThread "VM Thread" [stack: 0x000000b892e00000,0x000000b892f00000] [id=4428]
  0x00000284eb0ca800 WatcherThread [stack: 0x000000b893700000,0x000000b893800000] [id=12728]
  0x00000284c717e000 GCTaskThread "GC Thread#0" [stack: 0x000000b892900000,0x000000b892a00000] [id=13756]
  0x00000284c7199000 ConcurrentGCThread "G1 Main Marker" [stack: 0x000000b892a00000,0x000000b892b00000] [id=13160]
  0x00000284c719c800 ConcurrentGCThread "G1 Conc#0" [stack: 0x000000b892b00000,0x000000b892c00000] [id=13948]
  0x00000284ea5cb000 ConcurrentGCThread "G1 Refine#0" [stack: 0x000000b892c00000,0x000000b892d00000] [id=6376]
  0x00000284ea5cd800 ConcurrentGCThread "G1 Young RemSet Sampling" [stack: 0x000000b892d00000,0x000000b892e00000] [id=12860]

Threads with active compile tasks:

VM state:not at safepoint (normal execution)

VM Mutex/Monitor currently owned by a thread: None

Heap address: 0x0000000701400000, size: 4076 MB, Compressed Oops mode: Zero based, Oop shift amount: 3
Narrow klass base: 0x0000000800000000, Narrow klass shift: 3
Compressed class space size: 1073741824 Address: 0x0000000801190000

Heap:
 garbage-first heap   total 262144K, used 13312K [0x0000000701400000, 0x0000000800000000)
  region size 1024K, 15 young (15360K), 0 survivors (0K)
 Metaspace       used 8344K, capacity 8680K, committed 8832K, reserved 1056768K
  class space    used 915K, capacity 1074K, committed 1152K, reserved 1048576K
Heap Regions: E=young(eden), S=young(survivor), O=old, HS=humongous(starts), HC=humongous(continues), CS=collection set, F=free, A=archive, TAMS=top-at-mark-start (previous, next)
|   0|0x0000000701400000, 0x0000000701400000, 0x0000000701500000|  0%| F|  |TAMS 0x0000000701400000, 0x0000000701400000| Untracked 
|   1|0x0000000701500000, 0x0000000701500000, 0x0000000701600000|  0%| F|  |TAMS 0x0000000701500000, 0x0000000701500000| Untracked 
|   2|0x0000000701600000, 0x0000000701600000, 0x0000000701700000|  0%| F|  |TAMS 0x0000000701600000, 0x0000000701600000| Untracked 
|   3|0x0000000701700000, 0x0000000701700000, 0x0000000701800000|  0%| F|  |TAMS 0x0000000701700000, 0x0000000701700000| Untracked 
|   4|0x0000000701800000, 0x0000000701800000, 0x0000000701900000|  0%| F|  |TAMS 0x0000000701800000, 0x0000000701800000| Untracked 
|   5|0x0000000701900000, 0x0000000701900000, 0x0000000701a00000|  0%| F|  |TAMS 0x0000000701900000, 0x0000000701900000| Untracked 
|   6|0x0000000701a00000, 0x0000000701a00000, 0x0000000701b00000|  0%| F|  |TAMS 0x0000000701a00000, 0x0000000701a00000| Untracked 
|   7|0x0000000701b00000, 0x0000000701b00000, 0x0000000701c00000|  0%| F|  |TAMS 0x0000000701b00000, 0x0000000701b00000| Untracked 
|   8|0x0000000701c00000, 0x0000000701c00000, 0x0000000701d00000|  0%| F|  |TAMS 0x0000000701c00000, 0x0000000701c00000| Untracked 
|   9|0x0000000701d00000, 0x0000000701d00000, 0x0000000701e00000|  0%| F|  |TAMS 0x0000000701d00000, 0x0000000701d00000| Untracked 
|  10|0x0000000701e00000, 0x0000000701e00000, 0x0000000701f00000|  0%| F|  |TAMS 0x0000000701e00000, 0x0000000701e00000| Untracked 
|  11|0x0000000701f00000, 0x0000000701f00000, 0x0000000702000000|  0%| F|  |TAMS 0x0000000701f00000, 0x0000000701f00000| Untracked 
|  12|0x0000000702000000, 0x0000000702000000, 0x0000000702100000|  0%| F|  |TAMS 0x0000000702000000, 0x0000000702000000| Untracked 
|  13|0x0000000702100000, 0x0000000702100000, 0x0000000702200000|  0%| F|  |TAMS 0x0000000702100000, 0x0000000702100000| Untracked 
|  14|0x0000000702200000, 0x0000000702200000, 0x0000000702300000|  0%| F|  |TAMS 0x0000000702200000, 0x0000000702200000| Untracked 
|  15|0x0000000702300000, 0x0000000702300000, 0x0000000702400000|  0%| F|  |TAMS 0x0000000702300000, 0x0000000702300000| Untracked 
|  16|0x0000000702400000, 0x0000000702400000, 0x0000000702500000|  0%| F|  |TAMS 0x0000000702400000, 0x0000000702400000| Untracked 
|  17|0x0000000702500000, 0x0000000702500000, 0x0000000702600000|  0%| F|  |TAMS 0x0000000702500000, 0x0000000702500000| Untracked 
|  18|0x0000000702600000, 0x0000000702600000, 0x0000000702700000|  0%| F|  |TAMS 0x0000000702600000, 0x0000000702600000| Untracked 
|  19|0x0000000702700000, 0x0000000702700000, 0x0000000702800000|  0%| F|  |TAMS 0x0000000702700000, 0x0000000702700000| Untracked 
|  20|0x0000000702800000, 0x0000000702800000, 0x0000000702900000|  0%| F|  |TAMS 0x0000000702800000, 0x0000000702800000| Untracked 
|  21|0x0000000702900000, 0x0000000702900000, 0x0000000702a00000|  0%| F|  |TAMS 0x0000000702900000, 0x0000000702900000| Untracked 
|  22|0x0000000702a00000, 0x0000000702a00000, 0x0000000702b00000|  0%| F|  |TAMS 0x0000000702a00000, 0x0000000702a00000| Untracked 
|  23|0x0000000702b00000, 0x0000000702b00000, 0x0000000702c00000|  0%| F|  |TAMS 0x0000000702b00000, 0x0000000702b00000| Untracked 
|  24|0x0000000702c00000, 0x0000000702c00000, 0x0000000702d00000|  0%| F|  |TAMS 0x0000000702c00000, 0x0000000702c00000| Untracked 
|  25|0x0000000702d00000, 0x0000000702d00000, 0x0000000702e00000|  0%| F|  |TAMS 0x0000000702d00000, 0x0000000702d00000| Untracked 
|  26|0x0000000702e00000, 0x0000000702e00000, 0x0000000702f00000|  0%| F|  |TAMS 0x0000000702e00000, 0x0000000702e00000| Untracked 
|  27|0x0000000702f00000, 0x0000000702f00000, 0x0000000703000000|  0%| F|  |TAMS 0x0000000702f00000, 0x0000000702f00000| Untracked 
|  28|0x0000000703000000, 0x0000000703000000, 0x0000000703100000|  0%| F|  |TAMS 0x0000000703000000, 0x0000000703000000| Untracked 
|  29|0x0000000703100000, 0x0000000703100000, 0x0000000703200000|  0%| F|  |TAMS 0x0000000703100000, 0x0000000703100000| Untracked 
|  30|0x0000000703200000, 0x0000000703200000, 0x0000000703300000|  0%| F|  |TAMS 0x0000000703200000, 0x0000000703200000| Untracked 
|  31|0x0000000703300000, 0x0000000703300000, 0x0000000703400000|  0%| F|  |TAMS 0x0000000703300000, 0x0000000703300000| Untracked 
|  32|0x0000000703400000, 0x0000000703400000, 0x0000000703500000|  0%| F|  |TAMS 0x0000000703400000, 0x0000000703400000| Untracked 
|  33|0x0000000703500000, 0x0000000703500000, 0x0000000703600000|  0%| F|  |TAMS 0x0000000703500000, 0x0000000703500000| Untracked 
|  34|0x0000000703600000, 0x0000000703600000, 0x0000000703700000|  0%| F|  |TAMS 0x0000000703600000, 0x0000000703600000| Untracked 
|  35|0x0000000703700000, 0x0000000703700000, 0x0000000703800000|  0%| F|  |TAMS 0x0000000703700000, 0x0000000703700000| Untracked 
|  36|0x0000000703800000, 0x0000000703800000, 0x0000000703900000|  0%| F|  |TAMS 0x0000000703800000, 0x0000000703800000| Untracked 
|  37|0x0000000703900000, 0x0000000703900000, 0x0000000703a00000|  0%| F|  |TAMS 0x0000000703900000, 0x0000000703900000| Untracked 
|  38|0x0000000703a00000, 0x0000000703a00000, 0x0000000703b00000|  0%| F|  |TAMS 0x0000000703a00000, 0x0000000703a00000| Untracked 
|  39|0x0000000703b00000, 0x0000000703b00000, 0x0000000703c00000|  0%| F|  |TAMS 0x0000000703b00000, 0x0000000703b00000| Untracked 
|  40|0x0000000703c00000, 0x0000000703c00000, 0x0000000703d00000|  0%| F|  |TAMS 0x0000000703c00000, 0x0000000703c00000| Untracked 
|  41|0x0000000703d00000, 0x0000000703d00000, 0x0000000703e00000|  0%| F|  |TAMS 0x0000000703d00000, 0x0000000703d00000| Untracked 
|  42|0x0000000703e00000, 0x0000000703e00000, 0x0000000703f00000|  0%| F|  |TAMS 0x0000000703e00000, 0x0000000703e00000| Untracked 
|  43|0x0000000703f00000, 0x0000000703f00000, 0x0000000704000000|  0%| F|  |TAMS 0x0000000703f00000, 0x0000000703f00000| Untracked 
|  44|0x0000000704000000, 0x0000000704000000, 0x0000000704100000|  0%| F|  |TAMS 0x0000000704000000, 0x0000000704000000| Untracked 
|  45|0x0000000704100000, 0x0000000704100000, 0x0000000704200000|  0%| F|  |TAMS 0x0000000704100000, 0x0000000704100000| Untracked 
|  46|0x0000000704200000, 0x0000000704200000, 0x0000000704300000|  0%| F|  |TAMS 0x0000000704200000, 0x0000000704200000| Untracked 
|  47|0x0000000704300000, 0x0000000704300000, 0x0000000704400000|  0%| F|  |TAMS 0x0000000704300000, 0x0000000704300000| Untracked 
|  48|0x0000000704400000, 0x0000000704400000, 0x0000000704500000|  0%| F|  |TAMS 0x0000000704400000, 0x0000000704400000| Untracked 
|  49|0x0000000704500000, 0x0000000704500000, 0x0000000704600000|  0%| F|  |TAMS 0x0000000704500000, 0x0000000704500000| Untracked 
|  50|0x0000000704600000, 0x0000000704600000, 0x0000000704700000|  0%| F|  |TAMS 0x0000000704600000, 0x0000000704600000| Untracked 
|  51|0x0000000704700000, 0x0000000704700000, 0x0000000704800000|  0%| F|  |TAMS 0x0000000704700000, 0x0000000704700000| Untracked 
|  52|0x0000000704800000, 0x0000000704800000, 0x0000000704900000|  0%| F|  |TAMS 0x0000000704800000, 0x0000000704800000| Untracked 
|  53|0x0000000704900000, 0x0000000704900000, 0x0000000704a00000|  0%| F|  |TAMS 0x0000000704900000, 0x0000000704900000| Untracked 
|  54|0x0000000704a00000, 0x0000000704a00000, 0x0000000704b00000|  0%| F|  |TAMS 0x0000000704a00000, 0x0000000704a00000| Untracked 
|  55|0x0000000704b00000, 0x0000000704b00000, 0x0000000704c00000|  0%| F|  |TAMS 0x0000000704b00000, 0x0000000704b00000| Untracked 
|  56|0x0000000704c00000, 0x0000000704c00000, 0x0000000704d00000|  0%| F|  |TAMS 0x0000000704c00000, 0x0000000704c00000| Untracked 
|  57|0x0000000704d00000, 0x0000000704d00000, 0x0000000704e00000|  0%| F|  |TAMS 0x0000000704d00000, 0x0000000704d00000| Untracked 
|  58|0x0000000704e00000, 0x0000000704e00000, 0x0000000704f00000|  0%| F|  |TAMS 0x0000000704e00000, 0x0000000704e00000| Untracked 
|  59|0x0000000704f00000, 0x0000000704f00000, 0x0000000705000000|  0%| F|  |TAMS 0x0000000704f00000, 0x0000000704f00000| Untracked 
|  60|0x0000000705000000, 0x0000000705000000, 0x0000000705100000|  0%| F|  |TAMS 0x0000000705000000, 0x0000000705000000| Untracked 
|  61|0x0000000705100000, 0x0000000705100000, 0x0000000705200000|  0%| F|  |TAMS 0x0000000705100000, 0x0000000705100000| Untracked 
|  62|0x0000000705200000, 0x0000000705200000, 0x0000000705300000|  0%| F|  |TAMS 0x0000000705200000, 0x0000000705200000| Untracked 
|  63|0x0000000705300000, 0x0000000705300000, 0x0000000705400000|  0%| F|  |TAMS 0x0000000705300000, 0x0000000705300000| Untracked 
|  64|0x0000000705400000, 0x0000000705400000, 0x0000000705500000|  0%| F|  |TAMS 0x0000000705400000, 0x0000000705400000| Untracked 
|  65|0x0000000705500000, 0x0000000705500000, 0x0000000705600000|  0%| F|  |TAMS 0x0000000705500000, 0x0000000705500000| Untracked 
|  66|0x0000000705600000, 0x0000000705600000, 0x0000000705700000|  0%| F|  |TAMS 0x0000000705600000, 0x0000000705600000| Untracked 
|  67|0x0000000705700000, 0x0000000705700000, 0x0000000705800000|  0%| F|  |TAMS 0x0000000705700000, 0x0000000705700000| Untracked 
|  68|0x0000000705800000, 0x0000000705800000, 0x0000000705900000|  0%| F|  |TAMS 0x0000000705800000, 0x0000000705800000| Untracked 
|  69|0x0000000705900000, 0x0000000705900000, 0x0000000705a00000|  0%| F|  |TAMS 0x0000000705900000, 0x0000000705900000| Untracked 
|  70|0x0000000705a00000, 0x0000000705a00000, 0x0000000705b00000|  0%| F|  |TAMS 0x0000000705a00000, 0x0000000705a00000| Untracked 
|  71|0x0000000705b00000, 0x0000000705b00000, 0x0000000705c00000|  0%| F|  |TAMS 0x0000000705b00000, 0x0000000705b00000| Untracked 
|  72|0x0000000705c00000, 0x0000000705c00000, 0x0000000705d00000|  0%| F|  |TAMS 0x0000000705c00000, 0x0000000705c00000| Untracked 
|  73|0x0000000705d00000, 0x0000000705d00000, 0x0000000705e00000|  0%| F|  |TAMS 0x0000000705d00000, 0x0000000705d00000| Untracked 
|  74|0x0000000705e00000, 0x0000000705e00000, 0x0000000705f00000|  0%| F|  |TAMS 0x0000000705e00000, 0x0000000705e00000| Untracked 
|  75|0x0000000705f00000, 0x0000000705f00000, 0x0000000706000000|  0%| F|  |TAMS 0x0000000705f00000, 0x0000000705f00000| Untracked 
|  76|0x0000000706000000, 0x0000000706000000, 0x0000000706100000|  0%| F|  |TAMS 0x0000000706000000, 0x0000000706000000| Untracked 
|  77|0x0000000706100000, 0x0000000706100000, 0x0000000706200000|  0%| F|  |TAMS 0x0000000706100000, 0x0000000706100000| Untracked 
|  78|0x0000000706200000, 0x0000000706200000, 0x0000000706300000|  0%| F|  |TAMS 0x0000000706200000, 0x0000000706200000| Untracked 
|  79|0x0000000706300000, 0x0000000706300000, 0x0000000706400000|  0%| F|  |TAMS 0x0000000706300000, 0x0000000706300000| Untracked 
|  80|0x0000000706400000, 0x0000000706400000, 0x0000000706500000|  0%| F|  |TAMS 0x0000000706400000, 0x0000000706400000| Untracked 
|  81|0x0000000706500000, 0x0000000706500000, 0x0000000706600000|  0%| F|  |TAMS 0x0000000706500000, 0x0000000706500000| Untracked 
|  82|0x0000000706600000, 0x0000000706600000, 0x0000000706700000|  0%| F|  |TAMS 0x0000000706600000, 0x0000000706600000| Untracked 
|  83|0x0000000706700000, 0x0000000706700000, 0x0000000706800000|  0%| F|  |TAMS 0x0000000706700000, 0x0000000706700000| Untracked 
|  84|0x0000000706800000, 0x0000000706800000, 0x0000000706900000|  0%| F|  |TAMS 0x0000000706800000, 0x0000000706800000| Untracked 
|  85|0x0000000706900000, 0x0000000706900000, 0x0000000706a00000|  0%| F|  |TAMS 0x0000000706900000, 0x0000000706900000| Untracked 
|  86|0x0000000706a00000, 0x0000000706a00000, 0x0000000706b00000|  0%| F|  |TAMS 0x0000000706a00000, 0x0000000706a00000| Untracked 
|  87|0x0000000706b00000, 0x0000000706b00000, 0x0000000706c00000|  0%| F|  |TAMS 0x0000000706b00000, 0x0000000706b00000| Untracked 
|  88|0x0000000706c00000, 0x0000000706c00000, 0x0000000706d00000|  0%| F|  |TAMS 0x0000000706c00000, 0x0000000706c00000| Untracked 
|  89|0x0000000706d00000, 0x0000000706d00000, 0x0000000706e00000|  0%| F|  |TAMS 0x0000000706d00000, 0x0000000706d00000| Untracked 
|  90|0x0000000706e00000, 0x0000000706e00000, 0x0000000706f00000|  0%| F|  |TAMS 0x0000000706e00000, 0x0000000706e00000| Untracked 
|  91|0x0000000706f00000, 0x0000000706f00000, 0x0000000707000000|  0%| F|  |TAMS 0x0000000706f00000, 0x0000000706f00000| Untracked 
|  92|0x0000000707000000, 0x0000000707000000, 0x0000000707100000|  0%| F|  |TAMS 0x0000000707000000, 0x0000000707000000| Untracked 
|  93|0x0000000707100000, 0x0000000707100000, 0x0000000707200000|  0%| F|  |TAMS 0x0000000707100000, 0x0000000707100000| Untracked 
|  94|0x0000000707200000, 0x0000000707200000, 0x0000000707300000|  0%| F|  |TAMS 0x0000000707200000, 0x0000000707200000| Untracked 
|  95|0x0000000707300000, 0x0000000707300000, 0x0000000707400000|  0%| F|  |TAMS 0x0000000707300000, 0x0000000707300000| Untracked 
|  96|0x0000000707400000, 0x0000000707400000, 0x0000000707500000|  0%| F|  |TAMS 0x0000000707400000, 0x0000000707400000| Untracked 
|  97|0x0000000707500000, 0x0000000707500000, 0x0000000707600000|  0%| F|  |TAMS 0x0000000707500000, 0x0000000707500000| Untracked 
|  98|0x0000000707600000, 0x0000000707600000, 0x0000000707700000|  0%| F|  |TAMS 0x0000000707600000, 0x0000000707600000| Untracked 
|  99|0x0000000707700000, 0x0000000707700000, 0x0000000707800000|  0%| F|  |TAMS 0x0000000707700000, 0x0000000707700000| Untracked 
| 100|0x0000000707800000, 0x0000000707800000, 0x0000000707900000|  0%| F|  |TAMS 0x0000000707800000, 0x0000000707800000| Untracked 
| 101|0x0000000707900000, 0x0000000707900000, 0x0000000707a00000|  0%| F|  |TAMS 0x0000000707900000, 0x0000000707900000| Untracked 
| 102|0x0000000707a00000, 0x0000000707a00000, 0x0000000707b00000|  0%| F|  |TAMS 0x0000000707a00000, 0x0000000707a00000| Untracked 
| 103|0x0000000707b00000, 0x0000000707b00000, 0x0000000707c00000|  0%| F|  |TAMS 0x0000000707b00000, 0x0000000707b00000| Untracked 
| 104|0x0000000707c00000, 0x0000000707c00000, 0x0000000707d00000|  0%| F|  |TAMS 0x0000000707c00000, 0x0000000707c00000| Untracked 
| 105|0x0000000707d00000, 0x0000000707d00000, 0x0000000707e00000|  0%| F|  |TAMS 0x0000000707d00000, 0x0000000707d00000| Untracked 
| 106|0x0000000707e00000, 0x0000000707e00000, 0x0000000707f00000|  0%| F|  |TAMS 0x0000000707e00000, 0x0000000707e00000| Untracked 
| 107|0x0000000707f00000, 0x0000000707f00000, 0x0000000708000000|  0%| F|  |TAMS 0x0000000707f00000, 0x0000000707f00000| Untracked 
| 108|0x0000000708000000, 0x0000000708000000, 0x0000000708100000|  0%| F|  |TAMS 0x0000000708000000, 0x0000000708000000| Untracked 
| 109|0x0000000708100000, 0x0000000708100000, 0x0000000708200000|  0%| F|  |TAMS 0x0000000708100000, 0x0000000708100000| Untracked 
| 110|0x0000000708200000, 0x0000000708200000, 0x0000000708300000|  0%| F|  |TAMS 0x0000000708200000, 0x0000000708200000| Untracked 
| 111|0x0000000708300000, 0x0000000708300000, 0x0000000708400000|  0%| F|  |TAMS 0x0000000708300000, 0x0000000708300000| Untracked 
| 112|0x0000000708400000, 0x0000000708400000, 0x0000000708500000|  0%| F|  |TAMS 0x0000000708400000, 0x0000000708400000| Untracked 
| 113|0x0000000708500000, 0x0000000708500000, 0x0000000708600000|  0%| F|  |TAMS 0x0000000708500000, 0x0000000708500000| Untracked 
| 114|0x0000000708600000, 0x0000000708600000, 0x0000000708700000|  0%| F|  |TAMS 0x0000000708600000, 0x0000000708600000| Untracked 
| 115|0x0000000708700000, 0x0000000708700000, 0x0000000708800000|  0%| F|  |TAMS 0x0000000708700000, 0x0000000708700000| Untracked 
| 116|0x0000000708800000, 0x0000000708800000, 0x0000000708900000|  0%| F|  |TAMS 0x0000000708800000, 0x0000000708800000| Untracked 
| 117|0x0000000708900000, 0x0000000708900000, 0x0000000708a00000|  0%| F|  |TAMS 0x0000000708900000, 0x0000000708900000| Untracked 
| 118|0x0000000708a00000, 0x0000000708a00000, 0x0000000708b00000|  0%| F|  |TAMS 0x0000000708a00000, 0x0000000708a00000| Untracked 
| 119|0x0000000708b00000, 0x0000000708b00000, 0x0000000708c00000|  0%| F|  |TAMS 0x0000000708b00000, 0x0000000708b00000| Untracked 
| 120|0x0000000708c00000, 0x0000000708c00000, 0x0000000708d00000|  0%| F|  |TAMS 0x0000000708c00000, 0x0000000708c00000| Untracked 
| 121|0x0000000708d00000, 0x0000000708d00000, 0x0000000708e00000|  0%| F|  |TAMS 0x0000000708d00000, 0x0000000708d00000| Untracked 
| 122|0x0000000708e00000, 0x0000000708e00000, 0x0000000708f00000|  0%| F|  |TAMS 0x0000000708e00000, 0x0000000708e00000| Untracked 
| 123|0x0000000708f00000, 0x0000000708f00000, 0x0000000709000000|  0%| F|  |TAMS 0x0000000708f00000, 0x0000000708f00000| Untracked 
| 124|0x0000000709000000, 0x0000000709000000, 0x0000000709100000|  0%| F|  |TAMS 0x0000000709000000, 0x0000000709000000| Untracked 
| 125|0x0000000709100000, 0x0000000709100000, 0x0000000709200000|  0%| F|  |TAMS 0x0000000709100000, 0x0000000709100000| Untracked 
| 126|0x0000000709200000, 0x0000000709200000, 0x0000000709300000|  0%| F|  |TAMS 0x0000000709200000, 0x0000000709200000| Untracked 
| 127|0x0000000709300000, 0x0000000709300000, 0x0000000709400000|  0%| F|  |TAMS 0x0000000709300000, 0x0000000709300000| Untracked 
| 128|0x0000000709400000, 0x0000000709400000, 0x0000000709500000|  0%| F|  |TAMS 0x0000000709400000, 0x0000000709400000| Untracked 
| 129|0x0000000709500000, 0x0000000709500000, 0x0000000709600000|  0%| F|  |TAMS 0x0000000709500000, 0x0000000709500000| Untracked 
| 130|0x0000000709600000, 0x0000000709600000, 0x0000000709700000|  0%| F|  |TAMS 0x0000000709600000, 0x0000000709600000| Untracked 
| 131|0x0000000709700000, 0x0000000709700000, 0x0000000709800000|  0%| F|  |TAMS 0x0000000709700000, 0x0000000709700000| Untracked 
| 132|0x0000000709800000, 0x0000000709800000, 0x0000000709900000|  0%| F|  |TAMS 0x0000000709800000, 0x0000000709800000| Untracked 
| 133|0x0000000709900000, 0x0000000709900000, 0x0000000709a00000|  0%| F|  |TAMS 0x0000000709900000, 0x0000000709900000| Untracked 
| 134|0x0000000709a00000, 0x0000000709a00000, 0x0000000709b00000|  0%| F|  |TAMS 0x0000000709a00000, 0x0000000709a00000| Untracked 
| 135|0x0000000709b00000, 0x0000000709b00000, 0x0000000709c00000|  0%| F|  |TAMS 0x0000000709b00000, 0x0000000709b00000| Untracked 
| 136|0x0000000709c00000, 0x0000000709c00000, 0x0000000709d00000|  0%| F|  |TAMS 0x0000000709c00000, 0x0000000709c00000| Untracked 
| 137|0x0000000709d00000, 0x0000000709d00000, 0x0000000709e00000|  0%| F|  |TAMS 0x0000000709d00000, 0x0000000709d00000| Untracked 
| 138|0x0000000709e00000, 0x0000000709e00000, 0x0000000709f00000|  0%| F|  |TAMS 0x0000000709e00000, 0x0000000709e00000| Untracked 
| 139|0x0000000709f00000, 0x0000000709f00000, 0x000000070a000000|  0%| F|  |TAMS 0x0000000709f00000, 0x0000000709f00000| Untracked 
| 140|0x000000070a000000, 0x000000070a000000, 0x000000070a100000|  0%| F|  |TAMS 0x000000070a000000, 0x000000070a000000| Untracked 
| 141|0x000000070a100000, 0x000000070a100000, 0x000000070a200000|  0%| F|  |TAMS 0x000000070a100000, 0x000000070a100000| Untracked 
| 142|0x000000070a200000, 0x000000070a200000, 0x000000070a300000|  0%| F|  |TAMS 0x000000070a200000, 0x000000070a200000| Untracked 
| 143|0x000000070a300000, 0x000000070a300000, 0x000000070a400000|  0%| F|  |TAMS 0x000000070a300000, 0x000000070a300000| Untracked 
| 144|0x000000070a400000, 0x000000070a400000, 0x000000070a500000|  0%| F|  |TAMS 0x000000070a400000, 0x000000070a400000| Untracked 
| 145|0x000000070a500000, 0x000000070a500000, 0x000000070a600000|  0%| F|  |TAMS 0x000000070a500000, 0x000000070a500000| Untracked 
| 146|0x000000070a600000, 0x000000070a600000, 0x000000070a700000|  0%| F|  |TAMS 0x000000070a600000, 0x000000070a600000| Untracked 
| 147|0x000000070a700000, 0x000000070a700000, 0x000000070a800000|  0%| F|  |TAMS 0x000000070a700000, 0x000000070a700000| Untracked 
| 148|0x000000070a800000, 0x000000070a800000, 0x000000070a900000|  0%| F|  |TAMS 0x000000070a800000, 0x000000070a800000| Untracked 
| 149|0x000000070a900000, 0x000000070a900000, 0x000000070aa00000|  0%| F|  |TAMS 0x000000070a900000, 0x000000070a900000| Untracked 
| 150|0x000000070aa00000, 0x000000070aa00000, 0x000000070ab00000|  0%| F|  |TAMS 0x000000070aa00000, 0x000000070aa00000| Untracked 
| 151|0x000000070ab00000, 0x000000070ab00000, 0x000000070ac00000|  0%| F|  |TAMS 0x000000070ab00000, 0x000000070ab00000| Untracked 
| 152|0x000000070ac00000, 0x000000070ac00000, 0x000000070ad00000|  0%| F|  |TAMS 0x000000070ac00000, 0x000000070ac00000| Untracked 
| 153|0x000000070ad00000, 0x000000070ad00000, 0x000000070ae00000|  0%| F|  |TAMS 0x000000070ad00000, 0x000000070ad00000| Untracked 
| 154|0x000000070ae00000, 0x000000070ae00000, 0x000000070af00000|  0%| F|  |TAMS 0x000000070ae00000, 0x000000070ae00000| Untracked 
| 155|0x000000070af00000, 0x000000070af00000, 0x000000070b000000|  0%| F|  |TAMS 0x000000070af00000, 0x000000070af00000| Untracked 
| 156|0x000000070b000000, 0x000000070b000000, 0x000000070b100000|  0%| F|  |TAMS 0x000000070b000000, 0x000000070b000000| Untracked 
| 157|0x000000070b100000, 0x000000070b100000, 0x000000070b200000|  0%| F|  |TAMS 0x000000070b100000, 0x000000070b100000| Untracked 
| 158|0x000000070b200000, 0x000000070b200000, 0x000000070b300000|  0%| F|  |TAMS 0x000000070b200000, 0x000000070b200000| Untracked 
| 159|0x000000070b300000, 0x000000070b300000, 0x000000070b400000|  0%| F|  |TAMS 0x000000070b300000, 0x000000070b300000| Untracked 
| 160|0x000000070b400000, 0x000000070b400000, 0x000000070b500000|  0%| F|  |TAMS 0x000000070b400000, 0x000000070b400000| Untracked 
| 161|0x000000070b500000, 0x000000070b500000, 0x000000070b600000|  0%| F|  |TAMS 0x000000070b500000, 0x000000070b500000| Untracked 
| 162|0x000000070b600000, 0x000000070b600000, 0x000000070b700000|  0%| F|  |TAMS 0x000000070b600000, 0x000000070b600000| Untracked 
| 163|0x000000070b700000, 0x000000070b700000, 0x000000070b800000|  0%| F|  |TAMS 0x000000070b700000, 0x000000070b700000| Untracked 
| 164|0x000000070b800000, 0x000000070b800000, 0x000000070b900000|  0%| F|  |TAMS 0x000000070b800000, 0x000000070b800000| Untracked 
| 165|0x000000070b900000, 0x000000070b900000, 0x000000070ba00000|  0%| F|  |TAMS 0x000000070b900000, 0x000000070b900000| Untracked 
| 166|0x000000070ba00000, 0x000000070ba00000, 0x000000070bb00000|  0%| F|  |TAMS 0x000000070ba00000, 0x000000070ba00000| Untracked 
| 167|0x000000070bb00000, 0x000000070bb00000, 0x000000070bc00000|  0%| F|  |TAMS 0x000000070bb00000, 0x000000070bb00000| Untracked 
| 168|0x000000070bc00000, 0x000000070bc00000, 0x000000070bd00000|  0%| F|  |TAMS 0x000000070bc00000, 0x000000070bc00000| Untracked 
| 169|0x000000070bd00000, 0x000000070bd00000, 0x000000070be00000|  0%| F|  |TAMS 0x000000070bd00000, 0x000000070bd00000| Untracked 
| 170|0x000000070be00000, 0x000000070be00000, 0x000000070bf00000|  0%| F|  |TAMS 0x000000070be00000, 0x000000070be00000| Untracked 
| 171|0x000000070bf00000, 0x000000070bf00000, 0x000000070c000000|  0%| F|  |TAMS 0x000000070bf00000, 0x000000070bf00000| Untracked 
| 172|0x000000070c000000, 0x000000070c000000, 0x000000070c100000|  0%| F|  |TAMS 0x000000070c000000, 0x000000070c000000| Untracked 
| 173|0x000000070c100000, 0x000000070c100000, 0x000000070c200000|  0%| F|  |TAMS 0x000000070c100000, 0x000000070c100000| Untracked 
| 174|0x000000070c200000, 0x000000070c200000, 0x000000070c300000|  0%| F|  |TAMS 0x000000070c200000, 0x000000070c200000| Untracked 
| 175|0x000000070c300000, 0x000000070c300000, 0x000000070c400000|  0%| F|  |TAMS 0x000000070c300000, 0x000000070c300000| Untracked 
| 176|0x000000070c400000, 0x000000070c400000, 0x000000070c500000|  0%| F|  |TAMS 0x000000070c400000, 0x000000070c400000| Untracked 
| 177|0x000000070c500000, 0x000000070c500000, 0x000000070c600000|  0%| F|  |TAMS 0x000000070c500000, 0x000000070c500000| Untracked 
| 178|0x000000070c600000, 0x000000070c600000, 0x000000070c700000|  0%| F|  |TAMS 0x000000070c600000, 0x000000070c600000| Untracked 
| 179|0x000000070c700000, 0x000000070c700000, 0x000000070c800000|  0%| F|  |TAMS 0x000000070c700000, 0x000000070c700000| Untracked 
| 180|0x000000070c800000, 0x000000070c800000, 0x000000070c900000|  0%| F|  |TAMS 0x000000070c800000, 0x000000070c800000| Untracked 
| 181|0x000000070c900000, 0x000000070c900000, 0x000000070ca00000|  0%| F|  |TAMS 0x000000070c900000, 0x000000070c900000| Untracked 
| 182|0x000000070ca00000, 0x000000070ca00000, 0x000000070cb00000|  0%| F|  |TAMS 0x000000070ca00000, 0x000000070ca00000| Untracked 
| 183|0x000000070cb00000, 0x000000070cb00000, 0x000000070cc00000|  0%| F|  |TAMS 0x000000070cb00000, 0x000000070cb00000| Untracked 
| 184|0x000000070cc00000, 0x000000070cc00000, 0x000000070cd00000|  0%| F|  |TAMS 0x000000070cc00000, 0x000000070cc00000| Untracked 
| 185|0x000000070cd00000, 0x000000070cd00000, 0x000000070ce00000|  0%| F|  |TAMS 0x000000070cd00000, 0x000000070cd00000| Untracked 
| 186|0x000000070ce00000, 0x000000070ce00000, 0x000000070cf00000|  0%| F|  |TAMS 0x000000070ce00000, 0x000000070ce00000| Untracked 
| 187|0x000000070cf00000, 0x000000070cf00000, 0x000000070d000000|  0%| F|  |TAMS 0x000000070cf00000, 0x000000070cf00000| Untracked 
| 188|0x000000070d000000, 0x000000070d000000, 0x000000070d100000|  0%| F|  |TAMS 0x000000070d000000, 0x000000070d000000| Untracked 
| 189|0x000000070d100000, 0x000000070d100000, 0x000000070d200000|  0%| F|  |TAMS 0x000000070d100000, 0x000000070d100000| Untracked 
| 190|0x000000070d200000, 0x000000070d200000, 0x000000070d300000|  0%| F|  |TAMS 0x000000070d200000, 0x000000070d200000| Untracked 
| 191|0x000000070d300000, 0x000000070d300000, 0x000000070d400000|  0%| F|  |TAMS 0x000000070d300000, 0x000000070d300000| Untracked 
| 192|0x000000070d400000, 0x000000070d400000, 0x000000070d500000|  0%| F|  |TAMS 0x000000070d400000, 0x000000070d400000| Untracked 
| 193|0x000000070d500000, 0x000000070d500000, 0x000000070d600000|  0%| F|  |TAMS 0x000000070d500000, 0x000000070d500000| Untracked 
| 194|0x000000070d600000, 0x000000070d600000, 0x000000070d700000|  0%| F|  |TAMS 0x000000070d600000, 0x000000070d600000| Untracked 
| 195|0x000000070d700000, 0x000000070d700000, 0x000000070d800000|  0%| F|  |TAMS 0x000000070d700000, 0x000000070d700000| Untracked 
| 196|0x000000070d800000, 0x000000070d800000, 0x000000070d900000|  0%| F|  |TAMS 0x000000070d800000, 0x000000070d800000| Untracked 
| 197|0x000000070d900000, 0x000000070d900000, 0x000000070da00000|  0%| F|  |TAMS 0x000000070d900000, 0x000000070d900000| Untracked 
| 198|0x000000070da00000, 0x000000070da00000, 0x000000070db00000|  0%| F|  |TAMS 0x000000070da00000, 0x000000070da00000| Untracked 
| 199|0x000000070db00000, 0x000000070db00000, 0x000000070dc00000|  0%| F|  |TAMS 0x000000070db00000, 0x000000070db00000| Untracked 
| 200|0x000000070dc00000, 0x000000070dc00000, 0x000000070dd00000|  0%| F|  |TAMS 0x000000070dc00000, 0x000000070dc00000| Untracked 
| 201|0x000000070dd00000, 0x000000070dd00000, 0x000000070de00000|  0%| F|  |TAMS 0x000000070dd00000, 0x000000070dd00000| Untracked 
| 202|0x000000070de00000, 0x000000070de00000, 0x000000070df00000|  0%| F|  |TAMS 0x000000070de00000, 0x000000070de00000| Untracked 
| 203|0x000000070df00000, 0x000000070df00000, 0x000000070e000000|  0%| F|  |TAMS 0x000000070df00000, 0x000000070df00000| Untracked 
| 204|0x000000070e000000, 0x000000070e000000, 0x000000070e100000|  0%| F|  |TAMS 0x000000070e000000, 0x000000070e000000| Untracked 
| 205|0x000000070e100000, 0x000000070e100000, 0x000000070e200000|  0%| F|  |TAMS 0x000000070e100000, 0x000000070e100000| Untracked 
| 206|0x000000070e200000, 0x000000070e200000, 0x000000070e300000|  0%| F|  |TAMS 0x000000070e200000, 0x000000070e200000| Untracked 
| 207|0x000000070e300000, 0x000000070e300000, 0x000000070e400000|  0%| F|  |TAMS 0x000000070e300000, 0x000000070e300000| Untracked 
| 208|0x000000070e400000, 0x000000070e400000, 0x000000070e500000|  0%| F|  |TAMS 0x000000070e400000, 0x000000070e400000| Untracked 
| 209|0x000000070e500000, 0x000000070e500000, 0x000000070e600000|  0%| F|  |TAMS 0x000000070e500000, 0x000000070e500000| Untracked 
| 210|0x000000070e600000, 0x000000070e600000, 0x000000070e700000|  0%| F|  |TAMS 0x000000070e600000, 0x000000070e600000| Untracked 
| 211|0x000000070e700000, 0x000000070e700000, 0x000000070e800000|  0%| F|  |TAMS 0x000000070e700000, 0x000000070e700000| Untracked 
| 212|0x000000070e800000, 0x000000070e800000, 0x000000070e900000|  0%| F|  |TAMS 0x000000070e800000, 0x000000070e800000| Untracked 
| 213|0x000000070e900000, 0x000000070e900000, 0x000000070ea00000|  0%| F|  |TAMS 0x000000070e900000, 0x000000070e900000| Untracked 
| 214|0x000000070ea00000, 0x000000070ea00000, 0x000000070eb00000|  0%| F|  |TAMS 0x000000070ea00000, 0x000000070ea00000| Untracked 
| 215|0x000000070eb00000, 0x000000070eb00000, 0x000000070ec00000|  0%| F|  |TAMS 0x000000070eb00000, 0x000000070eb00000| Untracked 
| 216|0x000000070ec00000, 0x000000070ec00000, 0x000000070ed00000|  0%| F|  |TAMS 0x000000070ec00000, 0x000000070ec00000| Untracked 
| 217|0x000000070ed00000, 0x000000070ed00000, 0x000000070ee00000|  0%| F|  |TAMS 0x000000070ed00000, 0x000000070ed00000| Untracked 
| 218|0x000000070ee00000, 0x000000070ee00000, 0x000000070ef00000|  0%| F|  |TAMS 0x000000070ee00000, 0x000000070ee00000| Untracked 
| 219|0x000000070ef00000, 0x000000070ef00000, 0x000000070f000000|  0%| F|  |TAMS 0x000000070ef00000, 0x000000070ef00000| Untracked 
| 220|0x000000070f000000, 0x000000070f000000, 0x000000070f100000|  0%| F|  |TAMS 0x000000070f000000, 0x000000070f000000| Untracked 
| 221|0x000000070f100000, 0x000000070f100000, 0x000000070f200000|  0%| F|  |TAMS 0x000000070f100000, 0x000000070f100000| Untracked 
| 222|0x000000070f200000, 0x000000070f200000, 0x000000070f300000|  0%| F|  |TAMS 0x000000070f200000, 0x000000070f200000| Untracked 
| 223|0x000000070f300000, 0x000000070f300000, 0x000000070f400000|  0%| F|  |TAMS 0x000000070f300000, 0x000000070f300000| Untracked 
| 224|0x000000070f400000, 0x000000070f400000, 0x000000070f500000|  0%| F|  |TAMS 0x000000070f400000, 0x000000070f400000| Untracked 
| 225|0x000000070f500000, 0x000000070f500000, 0x000000070f600000|  0%| F|  |TAMS 0x000000070f500000, 0x000000070f500000| Untracked 
| 226|0x000000070f600000, 0x000000070f600000, 0x000000070f700000|  0%| F|  |TAMS 0x000000070f600000, 0x000000070f600000| Untracked 
| 227|0x000000070f700000, 0x000000070f700000, 0x000000070f800000|  0%| F|  |TAMS 0x000000070f700000, 0x000000070f700000| Untracked 
| 228|0x000000070f800000, 0x000000070f800000, 0x000000070f900000|  0%| F|  |TAMS 0x000000070f800000, 0x000000070f800000| Untracked 
| 229|0x000000070f900000, 0x000000070f900000, 0x000000070fa00000|  0%| F|  |TAMS 0x000000070f900000, 0x000000070f900000| Untracked 
| 230|0x000000070fa00000, 0x000000070fa00000, 0x000000070fb00000|  0%| F|  |TAMS 0x000000070fa00000, 0x000000070fa00000| Untracked 
| 231|0x000000070fb00000, 0x000000070fb00000, 0x000000070fc00000|  0%| F|  |TAMS 0x000000070fb00000, 0x000000070fb00000| Untracked 
| 232|0x000000070fc00000, 0x000000070fc00000, 0x000000070fd00000|  0%| F|  |TAMS 0x000000070fc00000, 0x000000070fc00000| Untracked 
| 233|0x000000070fd00000, 0x000000070fd00000, 0x000000070fe00000|  0%| F|  |TAMS 0x000000070fd00000, 0x000000070fd00000| Untracked 
| 234|0x000000070fe00000, 0x000000070fe00000, 0x000000070ff00000|  0%| F|  |TAMS 0x000000070fe00000, 0x000000070fe00000| Untracked 
| 235|0x000000070ff00000, 0x000000070ff00000, 0x0000000710000000|  0%| F|  |TAMS 0x000000070ff00000, 0x000000070ff00000| Untracked 
| 236|0x0000000710000000, 0x0000000710000000, 0x0000000710100000|  0%| F|  |TAMS 0x0000000710000000, 0x0000000710000000| Untracked 
| 237|0x0000000710100000, 0x0000000710100000, 0x0000000710200000|  0%| F|  |TAMS 0x0000000710100000, 0x0000000710100000| Untracked 
| 238|0x0000000710200000, 0x0000000710200000, 0x0000000710300000|  0%| F|  |TAMS 0x0000000710200000, 0x0000000710200000| Untracked 
| 239|0x0000000710300000, 0x0000000710300000, 0x0000000710400000|  0%| F|  |TAMS 0x0000000710300000, 0x0000000710300000| Untracked 
| 240|0x0000000710400000, 0x0000000710400000, 0x0000000710500000|  0%| F|  |TAMS 0x0000000710400000, 0x0000000710400000| Untracked 
| 241|0x0000000710500000, 0x0000000710500800, 0x0000000710600000|  0%| E|  |TAMS 0x0000000710500000, 0x0000000710500000| Complete 
| 242|0x0000000710600000, 0x0000000710700000, 0x0000000710700000|100%| E|CS|TAMS 0x0000000710600000, 0x0000000710600000| Complete 
| 243|0x0000000710700000, 0x0000000710800000, 0x0000000710800000|100%| E|CS|TAMS 0x0000000710700000, 0x0000000710700000| Complete 
| 244|0x0000000710800000, 0x0000000710900000, 0x0000000710900000|100%| E|CS|TAMS 0x0000000710800000, 0x0000000710800000| Complete 
| 245|0x0000000710900000, 0x0000000710a00000, 0x0000000710a00000|100%| E|CS|TAMS 0x0000000710900000, 0x0000000710900000| Complete 
| 246|0x0000000710a00000, 0x0000000710b00000, 0x0000000710b00000|100%| E|CS|TAMS 0x0000000710a00000, 0x0000000710a00000| Complete 
| 247|0x0000000710b00000, 0x0000000710c00000, 0x0000000710c00000|100%| E|  |TAMS 0x0000000710b00000, 0x0000000710b00000| Complete 
| 248|0x0000000710c00000, 0x0000000710d00000, 0x0000000710d00000|100%| E|CS|TAMS 0x0000000710c00000, 0x0000000710c00000| Complete 
| 249|0x0000000710d00000, 0x0000000710e00000, 0x0000000710e00000|100%| E|CS|TAMS 0x0000000710d00000, 0x0000000710d00000| Complete 
| 250|0x0000000710e00000, 0x0000000710f00000, 0x0000000710f00000|100%| E|CS|TAMS 0x0000000710e00000, 0x0000000710e00000| Complete 
| 251|0x0000000710f00000, 0x0000000711000000, 0x0000000711000000|100%| E|CS|TAMS 0x0000000710f00000, 0x0000000710f00000| Complete 
| 252|0x0000000711000000, 0x0000000711100000, 0x0000000711100000|100%| E|CS|TAMS 0x0000000711000000, 0x0000000711000000| Complete 
| 253|0x0000000711100000, 0x0000000711200000, 0x0000000711200000|100%| E|CS|TAMS 0x0000000711100000, 0x0000000711100000| Complete 
| 254|0x0000000711200000, 0x0000000711300000, 0x0000000711300000|100%| E|CS|TAMS 0x0000000711200000, 0x0000000711200000| Complete 
| 255|0x0000000711300000, 0x0000000711400000, 0x0000000711400000|100%| E|CS|TAMS 0x0000000711300000, 0x0000000711300000| Complete 

Card table byte_map: [0x00000284dee30000,0x00000284df630000] _byte_map_base: 0x00000284db626000

Marking Bits (Prev, Next): (CMBitMap*) 0x00000284c717f158, (CMBitMap*) 0x00000284c717f198
 Prev Bits: [0x00000284dfe30000, 0x00000284e3de0000)
 Next Bits: [0x00000284e3de0000, 0x00000284e7d90000)

Polling page: 0x00000284c4ff0000

Metaspace:

Usage:
  Non-class:      7.43 MB capacity,     7.25 MB ( 98%) used,   152.45 KB (  2%) free+waste,    25.00 KB ( <1%) overhead. 
      Class:      1.05 MB capacity,   915.79 KB ( 85%) used,   142.65 KB ( 13%) free+waste,    15.56 KB (  1%) overhead. 
       Both:      8.48 MB capacity,     8.15 MB ( 96%) used,   295.10 KB (  3%) free+waste,    40.56 KB ( <1%) overhead. 

Virtual space:
  Non-class space:        8.00 MB reserved,       7.50 MB ( 94%) committed 
      Class space:        1.00 GB reserved,       1.13 MB ( <1%) committed 
             Both:        1.01 GB reserved,       8.63 MB ( <1%) committed 

Chunk freelists:
   Non-Class:  1.25 KB
       Class:  1.75 KB
        Both:  3.00 KB

CodeHeap 'non-profiled nmethods': size=120064Kb used=486Kb max_used=486Kb free=119577Kb
 bounds [0x00000284d6fe0000, 0x00000284d7250000, 0x00000284de520000]
CodeHeap 'profiled nmethods': size=120000Kb used=2454Kb max_used=2454Kb free=117545Kb
 bounds [0x00000284cfab0000, 0x00000284cfd20000, 0x00000284d6fe0000]
CodeHeap 'non-nmethods': size=5696Kb used=1221Kb max_used=1239Kb free=4474Kb
 bounds [0x00000284cf520000, 0x00000284cf790000, 0x00000284cfab0000]
 total_blobs=2122 nmethods=1314 adapters=487
 compilation: enabled
              stopped_count=0, restarted_count=0
 full_count=0

Compilation events (10 events):
Event: 2.829 Thread 0x00000284eaf83000 1309       3       sun.java2d.pipe.Region::isRectangular (13 bytes)
Event: 2.829 Thread 0x00000284eaf83000 nmethod 1309 0x00000284cfd14a10 code [0x00000284cfd14bc0, 0x00000284cfd14d98]
Event: 2.862 Thread 0x00000284ea6ee000 1310       4       dev.java2dgame.entities.Entity::getHitbox (54 bytes)
Event: 2.863 Thread 0x00000284ea6ee000 nmethod 1310 0x00000284d7058890 code [0x00000284d7058a40, 0x00000284d7058bd8]
Event: 3.029 Thread 0x00000284eaf83000 1311       3       java.util.HashMap::clear (50 bytes)
Event: 3.029 Thread 0x00000284eaf83000 nmethod 1311 0x00000284cfd14e10 code [0x00000284cfd14fe0, 0x00000284cfd15458]
Event: 3.079 Thread 0x00000284ea6ee000 1312       4       sun.java2d.SunGraphics2D::invalidatePipe (41 bytes)
Event: 3.081 Thread 0x00000284ea6ee000 nmethod 1312 0x00000284d7058d10 code [0x00000284d7058ea0, 0x00000284d7059378]
Event: 3.112 Thread 0x00000284eaf83000 1314       3       java.util.HashSet::clear (8 bytes)
Event: 3.113 Thread 0x00000284eaf83000 nmethod 1314 0x00000284cfd15590 code [0x00000284cfd15760, 0x00000284cfd159b0]

GC Heap History (0 events):
No events

Deoptimization events (5 events):
Event: 0.057 Thread 0x00000284eb0c1800 Uncommon trap: reason=unstable_if action=reinterpret pc=0x00000284d6fe4838 method=java.lang.String.hashCode()I @ 14 c2
Event: 0.087 Thread 0x00000284eb0c1800 Uncommon trap: reason=range_check action=reinterpret pc=0x00000284d6ff1704 method=java.lang.StringLatin1.indexOf([BII)I @ 13 c2
Event: 0.282 Thread 0x00000284eb0c1800 Uncommon trap: reason=unstable_if action=reinterpret pc=0x00000284d7001e18 method=java.lang.StringLatin1.replace([BCC)Ljava/lang/String; @ 19 c2
Event: 0.645 Thread 0x00000284eb0c1800 Uncommon trap: reason=unstable_if action=reinterpret pc=0x00000284d7026228 method=dev.java2dgame.main.Game.run()V @ 66 c2
Event: 1.629 Thread 0x00000284eb0c1800 Uncommon trap: reason=unstable_if action=reinterpret pc=0x00000284d7026c7c method=dev.java2dgame.main.Game.run()V @ 92 c2

Classes redefined (0 events):
No events

Internal exceptions (10 events):
Event: 0.221 Thread 0x00000284eb0c1800 Exception <a 'java/lang/NoSuchMethodError'{0x00000007110c7950}: java.lang.invoke.DirectMethodHandle$Holder.invokeStatic(Ljava/lang/Object;ILjava/lang/Object;Ljava/lang/Object;Ljava/lang/Object;)Ljava/lang/Object;> (0x00000007110c7950) thrown at [t:/worksp
Event: 0.221 Thread 0x00000284eb0c1800 Exception <a 'java/lang/NoSuchMethodError'{0x00000007110cb1b0}: java.lang.invoke.DirectMethodHandle$Holder.invokeSpecial(Ljava/lang/Object;Ljava/lang/Object;ILjava/lang/Object;Ljava/lang/Object;Ljava/lang/Object;)Ljava/lang/Object;> (0x00000007110cb1b0) t
Event: 0.223 Thread 0x00000284eb0c1800 Exception <a 'java/lang/NoSuchMethodError'{0x00000007110e1530}: java.lang.invoke.DirectMethodHandle$Holder.invokeStatic(Ljava/lang/Object;ILjava/lang/Object;)Ljava/lang/Object;> (0x00000007110e1530) thrown at [t:/workspace/open/src/hotspot/share/interpret
Event: 0.235 Thread 0x00000284eb0c1800 Exception <a 'java/lang/ClassNotFoundException'{0x0000000710f85978}: com/sun/swing/internal/plaf/metal/resources/spi/metalProvider> (0x0000000710f85978) thrown at [t:/workspace/open/src/hotspot/share/classfile/systemDictionary.cpp, line 235]
Event: 0.236 Thread 0x00000284eb0c1800 Exception <a 'java/lang/ClassNotFoundException'{0x0000000710f89e30}: com/sun/swing/internal/plaf/basic/resources/spi/basicProvider> (0x0000000710f89e30) thrown at [t:/workspace/open/src/hotspot/share/classfile/systemDictionary.cpp, line 235]
Event: 0.259 Thread 0x00000284eb0c1800 Exception <a 'java/lang/NoSuchMethodError'{0x0000000710fdaa88}: java.lang.invoke.DirectMethodHandle$Holder.invokeStaticInit(Ljava/lang/Object;)V> (0x0000000710fdaa88) thrown at [t:/workspace/open/src/hotspot/share/interpreter/linkResolver.cpp, line 777]
Event: 0.279 Thread 0x00000284eb0c1800 Exception <a 'java/lang/NoSuchMethodError'{0x0000000710e86a58}: java.lang.invoke.Invokers$Holder.linkToTargetMethod(Ljava/lang/Object;ILjava/lang/Object;)Ljava/lang/Object;> (0x0000000710e86a58) thrown at [t:/workspace/open/src/hotspot/share/interpreter/l
Event: 0.325 Thread 0x00000284eb0c1800 Exception <a 'java/lang/NoSuchMethodError'{0x0000000710d0b808}: java.lang.invoke.DirectMethodHandle$Holder.invokeStaticInit(Ljava/lang/Object;IIII)Ljava/lang/Object;> (0x0000000710d0b808) thrown at [t:/workspace/open/src/hotspot/share/interpreter/linkReso
Event: 0.486 Thread 0x00000284eb0c1800 Exception <a 'java/lang/NoSuchMethodError'{0x0000000710d33c20}: java.lang.invoke.DirectMethodHandle$Holder.invokeStaticInit(Ljava/lang/Object;Ljava/lang/Object;IIII)Ljava/lang/Object;> (0x0000000710d33c20) thrown at [t:/workspace/open/src/hotspot/share/in
Event: 0.627 Thread 0x00000284eb0c1800 Exception <a 'java/lang/ArrayIndexOutOfBoundsException'{0x0000000710946e98}: Index 424 out of bounds for length 424> (0x0000000710946e98) thrown at [t:/workspace/open/src/hotspot/share/interpreter/interpreterRuntime.cpp, line 462]

Events (10 events):
Event: 3.233 Executing VM operation: RevokeBias
Event: 3.233 Executing VM operation: RevokeBias done
Event: 3.233 Executing VM operation: RevokeBias
Event: 3.233 Executing VM operation: RevokeBias done
Event: 3.234 Executing VM operation: RevokeBias
Event: 3.234 Executing VM operation: RevokeBias done
Event: 3.234 Thread 0x00000284f53e7000 Thread exited: 0x00000284f53e7000
Event: 3.252 Executing VM operation: RevokeBias
Event: 3.252 Executing VM operation: RevokeBias done
Event: 3.252 Thread 0x00000284eb573000 Thread exited: 0x00000284eb573000


Dynamic libraries:
0x00007ff757a10000 - 0x00007ff757a1f000 	C:\Program Files\Java\jdk-12.0.2\bin\javaw.exe
0x00007ff9793a0000 - 0x00007ff979590000 	C:\WINDOWS\SYSTEM32\ntdll.dll
0x00007ff978740000 - 0x00007ff9787f2000 	C:\WINDOWS\System32\KERNEL32.DLL
0x00007ff976ec0000 - 0x00007ff977163000 	C:\WINDOWS\System32\KERNELBASE.dll
0x00007ff976330000 - 0x00007ff97642a000 	C:\WINDOWS\System32\ucrtbase.dll
0x00007ff96ced0000 - 0x00007ff96cee8000 	C:\Program Files\Java\jdk-12.0.2\bin\jli.dll
0x00007ff966660000 - 0x00007ff966676000 	C:\Program Files\Java\jdk-12.0.2\bin\VCRUNTIME140.dll
0x00007ff978630000 - 0x00007ff9786d3000 	C:\WINDOWS\System32\ADVAPI32.dll
0x00007ff978180000 - 0x00007ff97821e000 	C:\WINDOWS\System32\msvcrt.dll
0x00007ff977c70000 - 0x00007ff977d07000 	C:\WINDOWS\System32\sechost.dll
0x00007ff977450000 - 0x00007ff977570000 	C:\WINDOWS\System32\RPCRT4.dll
0x00007ff978220000 - 0x00007ff9783b4000 	C:\WINDOWS\System32\USER32.dll
0x00007ff9764b0000 - 0x00007ff9764d1000 	C:\WINDOWS\System32\win32u.dll
0x00007ff964dd0000 - 0x00007ff965055000 	C:\WINDOWS\WinSxS\amd64_microsoft.windows.common-controls_6595b64144ccf1df_6.0.18362.476_none_e6c4b11b130f2595\COMCTL32.dll
0x00007ff979020000 - 0x00007ff979046000 	C:\WINDOWS\System32\GDI32.dll
0x00007ff977770000 - 0x00007ff977aa6000 	C:\WINDOWS\System32\combase.dll
0x00007ff977280000 - 0x00007ff977414000 	C:\WINDOWS\System32\gdi32full.dll
0x00007ff976430000 - 0x00007ff9764b0000 	C:\WINDOWS\System32\bcryptPrimitives.dll
0x00007ff9771e0000 - 0x00007ff97727e000 	C:\WINDOWS\System32\msvcp_win.dll
0x00007ff9718d0000 - 0x00007ff9718da000 	C:\WINDOWS\SYSTEM32\VERSION.dll
0x00007ff978520000 - 0x00007ff97854e000 	C:\WINDOWS\System32\IMM32.DLL
0x00007ff960db0000 - 0x00007ff960e5a000 	C:\Program Files\Java\jdk-12.0.2\bin\msvcp140.dll
0x00007ff93a180000 - 0x00007ff93acf7000 	C:\Program Files\Java\jdk-12.0.2\bin\server\jvm.dll
0x00007ff9783c0000 - 0x00007ff9783c8000 	C:\WINDOWS\System32\PSAPI.DLL
0x00007ff972390000 - 0x00007ff972399000 	C:\WINDOWS\SYSTEM32\WSOCK32.dll
0x00007ff965ac0000 - 0x00007ff965ae4000 	C:\WINDOWS\SYSTEM32\WINMM.dll
0x00007ff978450000 - 0x00007ff9784bf000 	C:\WINDOWS\System32\WS2_32.dll
0x00007ff965a90000 - 0x00007ff965abd000 	C:\WINDOWS\SYSTEM32\WINMMBASE.dll
0x00007ff977170000 - 0x00007ff9771ba000 	C:\WINDOWS\System32\cfgmgr32.dll
0x00007ff9762a0000 - 0x00007ff9762b1000 	C:\WINDOWS\System32\kernel.appcore.dll
0x00007ff96b9f0000 - 0x00007ff96ba01000 	C:\Program Files\Java\jdk-12.0.2\bin\verify.dll
0x00007ff970230000 - 0x00007ff970424000 	C:\WINDOWS\SYSTEM32\DBGHELP.DLL
0x00007ff970150000 - 0x00007ff97017a000 	C:\WINDOWS\SYSTEM32\dbgcore.DLL
0x00007ff96b9c0000 - 0x00007ff96b9e6000 	C:\Program Files\Java\jdk-12.0.2\bin\java.dll
0x00007ff96b9a0000 - 0x00007ff96b9b7000 	C:\Program Files\Java\jdk-12.0.2\bin\zip.dll
0x00007ff972380000 - 0x00007ff97238a000 	C:\Program Files\Java\jdk-12.0.2\bin\jimage.dll
0x00007ff9788b0000 - 0x00007ff978f95000 	C:\WINDOWS\System32\SHELL32.dll
0x00007ff978800000 - 0x00007ff9788a9000 	C:\WINDOWS\System32\shcore.dll
0x00007ff976630000 - 0x00007ff976dae000 	C:\WINDOWS\System32\windows.storage.dll
0x00007ff976310000 - 0x00007ff97632f000 	C:\WINDOWS\System32\profapi.dll
0x00007ff9762c0000 - 0x00007ff97630a000 	C:\WINDOWS\System32\powrprof.dll
0x00007ff976270000 - 0x00007ff976280000 	C:\WINDOWS\System32\UMPDC.dll
0x00007ff9786e0000 - 0x00007ff978732000 	C:\WINDOWS\System32\shlwapi.dll
0x00007ff9771c0000 - 0x00007ff9771d7000 	C:\WINDOWS\System32\cryptsp.dll
0x00007ff946230000 - 0x00007ff9463cf000 	C:\Program Files\Java\jdk-12.0.2\bin\awt.dll
0x00007ff978550000 - 0x00007ff978614000 	C:\WINDOWS\System32\OLEAUT32.dll
0x00007ff9736a0000 - 0x00007ff973c60000 	C:\WINDOWS\SYSTEM32\d2d1.dll
0x00007ff974540000 - 0x00007ff9745cf000 	C:\WINDOWS\SYSTEM32\apphelp.dll
0x00007ff974b20000 - 0x00007ff974b4d000 	C:\WINDOWS\system32\DWMAPI.DLL
0x00007ff974940000 - 0x00007ff9749d9000 	C:\WINDOWS\system32\uxtheme.dll
0x00007ff944d50000 - 0x00007ff944ea6000 	C:\WINDOWS\system32\opengl32.dll
0x00007ff966610000 - 0x00007ff96663c000 	C:\WINDOWS\SYSTEM32\GLU32.dll
0x00007ff974ee0000 - 0x00007ff974f00000 	C:\WINDOWS\SYSTEM32\dxcore.dll
0x00007ff977b30000 - 0x00007ff977c66000 	C:\WINDOWS\System32\MSCTF.dll
0x00007ff979050000 - 0x00007ff9791a6000 	C:\WINDOWS\System32\ole32.dll
0x00007ff9764e0000 - 0x00007ff976629000 	C:\WINDOWS\System32\crypt32.dll
0x00007ff976280000 - 0x00007ff976292000 	C:\WINDOWS\System32\MSASN1.dll
0x00007ff976e60000 - 0x00007ff976ebc000 	C:\WINDOWS\System32\WINTRUST.DLL
0x00007ff977b10000 - 0x00007ff977b2d000 	C:\WINDOWS\System32\imagehlp.dll
0x00007ff9755f0000 - 0x00007ff975623000 	C:\WINDOWS\system32\rsaenh.dll
0x00007ff977420000 - 0x00007ff977446000 	C:\WINDOWS\System32\bcrypt.dll
0x00007ff975cb0000 - 0x00007ff975cbc000 	C:\WINDOWS\SYSTEM32\CRYPTBASE.dll
0x00007ff944a80000 - 0x00007ff944d42000 	C:\WINDOWS\system32\nvspcap64.dll
0x00007ff9752d0000 - 0x00007ff975301000 	C:\WINDOWS\SYSTEM32\ntmarta.dll
0x00007ff971890000 - 0x00007ff9718bf000 	C:\WINDOWS\SYSTEM32\cryptnet.dll
0x00007ff974e90000 - 0x00007ff974eb2000 	C:\WINDOWS\SYSTEM32\gpapi.dll
0x00007ff95bd80000 - 0x00007ff95be00000 	C:\Program Files\Java\jdk-12.0.2\bin\freetype.dll
0x00007ff95a750000 - 0x00007ff95a7fb000 	C:\Program Files\Java\jdk-12.0.2\bin\fontmanager.dll
0x00007ff962a50000 - 0x00007ff962aee000 	C:\WINDOWS\System32\TextInputFramework.dll
0x00007ff9616a0000 - 0x00007ff9619ca000 	C:\WINDOWS\System32\CoreUIComponents.dll
0x00007ff974430000 - 0x00007ff974504000 	C:\WINDOWS\System32\CoreMessaging.dll
0x00007ff972790000 - 0x00007ff9728e3000 	C:\WINDOWS\SYSTEM32\wintypes.dll
0x00007ff96b140000 - 0x00007ff96b3e6000 	C:\WINDOWS\System32\iertutil.dll
0x00007ff976160000 - 0x00007ff976185000 	C:\WINDOWS\SYSTEM32\USERENV.dll
0x00007ff96b980000 - 0x00007ff96b999000 	C:\Program Files\Java\jdk-12.0.2\bin\net.dll
0x00007ff971750000 - 0x00007ff971840000 	C:\WINDOWS\SYSTEM32\WINHTTP.dll
0x00007ff96f6b0000 - 0x00007ff96f886000 	C:\WINDOWS\SYSTEM32\urlmon.dll
0x00007ff975ae0000 - 0x00007ff975b47000 	C:\WINDOWS\system32\mswsock.dll
0x00007ff975790000 - 0x00007ff9757ca000 	C:\WINDOWS\SYSTEM32\IPHLPAPI.DLL
0x00007ff9776b0000 - 0x00007ff9776b8000 	C:\WINDOWS\System32\NSI.dll
0x00007ff972210000 - 0x00007ff972226000 	C:\WINDOWS\SYSTEM32\dhcpcsvc6.DLL
0x00007ff972620000 - 0x00007ff97263c000 	C:\WINDOWS\SYSTEM32\dhcpcsvc.DLL
0x00007ff9757d0000 - 0x00007ff97589a000 	C:\WINDOWS\SYSTEM32\DNSAPI.dll
0x00007ff96b960000 - 0x00007ff96b973000 	C:\Program Files\Java\jdk-12.0.2\bin\nio.dll

dbghelp: loaded successfully - version: 4.0.5 - missing functions: none
symbol engine: initialized successfully - sym options: 0x614 - pdb path: .;C:\Program Files\Java\jdk-12.0.2\bin;C:\WINDOWS\SYSTEM32;C:\WINDOWS\WinSxS\amd64_microsoft.windows.common-controls_6595b64144ccf1df_6.0.18362.476_none_e6c4b11b130f2595;C:\Program Files\Java\jdk-12.0.2\bin\server;C:\WINDOWS\System32\DriverStore\FileRepository\nv_dispi.inf_amd64_93eff437a314841a

VM Arguments:
jvm_args: -Dfile.encoding=Cp1252 
java_command: dev.java2dgame.main.Launcher
java_class_path (initial): C:\Users\oortm\Documents\JavaProjects\GradeEscapeWorkspace\GradeEscapeJava\bin;C:\Users\oortm\Documents\JavaProjects\GradeEscapeWorkspace\GradeEscapeJava\res
Launcher Type: SUN_STANDARD

[Global flags]
     intx CICompilerCount                          = 3                                         {product} {ergonomic}
     uint ConcGCThreads                            = 2                                         {product} {ergonomic}
     uint G1ConcRefinementThreads                  = 6                                         {product} {ergonomic}
   size_t G1HeapRegionSize                         = 1048576                                   {product} {ergonomic}
    uintx GCDrainStackTargetSize                   = 64                                        {product} {ergonomic}
   size_t InitialHeapSize                          = 268435456                                 {product} {ergonomic}
   size_t MarkStackSize                            = 4194304                                   {product} {ergonomic}
   size_t MaxHeapSize                              = 4273995776                                {product} {ergonomic}
   size_t MaxNewSize                               = 2563768320                                {product} {ergonomic}
   size_t MinHeapDeltaBytes                        = 1048576                                   {product} {ergonomic}
    uintx NonNMethodCodeHeapSize                   = 5830732                                {pd product} {ergonomic}
    uintx NonProfiledCodeHeapSize                  = 122913754                              {pd product} {ergonomic}
    uintx ProfiledCodeHeapSize                     = 122913754                              {pd product} {ergonomic}
    uintx ReservedCodeCacheSize                    = 251658240                              {pd product} {ergonomic}
     bool SegmentedCodeCache                       = true                                      {product} {ergonomic}
     bool UseCompressedClassPointers               = true                                 {lp64_product} {ergonomic}
     bool UseCompressedOops                        = true                                 {lp64_product} {ergonomic}
     bool UseG1GC                                  = true                                      {product} {ergonomic}
     bool UseLargePagesIndividualAllocation        = false                                  {pd product} {ergonomic}

Logging:
Log output configuration:
 #0: stdout all=warning uptime,level,tags
 #1: stderr all=off uptime,level,tags

Environment Variables:
PATH=C:/Program Files/Java/jdk-12.0.2/bin/server;C:/Program Files/Java/jdk-12.0.2/bin;C:\Program Files\NVIDIA GPU Computing Toolkit\CUDA\v10.1\bin;C:\Program Files\NVIDIA GPU Computing Toolkit\CUDA\v10.1\libnvvp;C:\WINDOWS\system32;C:\WINDOWS;C:\WINDOWS\System32\Wbem;C:\WINDOWS\System32\WindowsPowerShell\v1.0\;C:\WINDOWS\System32\OpenSSH\;C:\Program Files (x86)\Intel\Intel(R) Management Engine Components\DAL;C:\Program Files\Intel\Intel(R) Management Engine Components\DAL;C:\Program Files\nodejs\;C:\WINDOWS\system32;C:\WINDOWS;C:\WINDOWS\System32\Wbem;C:\WINDOWS\System32\WindowsPowerShell\v1.0\;C:\WINDOWS\System32\OpenSSH\;C:\Users\oortm\AppData\Local\Programs\Python\Python37;C:\Users\oortm\AppData\Local\Programs\Python\Python37\Scripts;C:\Program Files\NVIDIA Corporation\Nsight Compute 2019.4.0\;C:\Program Files (x86)\NVIDIA Corporation\PhysX\Common;C:\Program Files\NVIDIA Corporation\NVIDIA NvDLISR;C:\Users\oortm\Anaconda3;C:\Users\oortm\Anaconda3\Library\mingw-w64\bin;C:\Users\oortm\Anaconda3\Library\usr\bin;C:\Users\oortm\Anaconda3\Library\bin;C:\Users\oortm\Anaconda3\Scripts;C:\Users\oortm\AppData\Local\Microsoft\WindowsApps;C:\Users\oortm\AppData\Local\Programs\Python\Python37;C:\Users\oortm\AppData\Local\Programs\Python\Python37\Scripts;C:\Users\oortm\AppData\Roaming\npm;C:\ffmpeg\bin;C:\Users\oortm\AppData\Local\Microsoft\WindowsApps;C:\GNUstep\bin;C:\GNUstep\GNUstep\System\Tools;C:\Program Files\Java\jdk-12.0.2\bin;C:\Program Files\NVIDIA GPU Computing Toolkit\CUDA\v10.1\bin;C:\Program Files\NVIDIA GPU Computing Toolkit\CUDA\v10.1\libnvvp;C:\Program Files\Git\bin;;C:\Users\oortm\Documents\eclipse-jee-2019-09-R-win32-x86_64\eclipse;
USERNAME=oortm
OS=Windows_NT
PROCESSOR_IDENTIFIER=Intel64 Family 6 Model 158 Stepping 10, GenuineIntel



---------------  S Y S T E M  ---------------

OS: Windows 10 , 64 bit Build 18362 (10.0.18362.329)

CPU:total 6 (initial active 6) (6 cores per cpu, 1 threads per core) family 6 model 158 stepping 10, cmov, cx8, fxsr, mmx, sse, sse2, sse3, ssse3, sse4.1, sse4.2, popcnt, avx, avx2, aes, clmul, erms, 3dnowpref, lzcnt, tsc, tscinvbit, bmi1, bmi2, adx, fma

Memory: 4k page, system-wide physical 16297M (10233M free)
TotalPageFile size 18729M (AvailPageFile size 10959M)
current process WorkingSet (physical memory assigned to process): 88M, peak: 98M
current process commit charge ("private bytes"): 398M, peak: 409M

vm_info: Java HotSpot(TM) 64-Bit Server VM (12.0.2+10) for windows-amd64 JRE (12.0.2+10), built on Jul 16 2019 01:56:17 by "mach5one" with MS VC++ 15.5 (VS2017)

END.
